{"/Users/wiktoriasakowska/Documents/horse-pedigree-api/horse-pedigree-api/public/scripts.js": {"path":"/Users/wiktoriasakowska/Documents/horse-pedigree-api/horse-pedigree-api/public/scripts.js","statementMap":{"0":{"start":{"line":1,"column":16},"end":{"line":1,"column":43}},"1":{"start":{"line":4,"column":2},"end":{"line":7,"column":5}},"2":{"start":{"line":5,"column":4},"end":{"line":5,"column":65}},"3":{"start":{"line":6,"column":4},"end":{"line":6,"column":65}},"4":{"start":{"line":11,"column":15},"end":{"line":11,"column":46}},"5":{"start":{"line":12,"column":2},"end":{"line":12,"column":15}},"6":{"start":{"line":13,"column":2},"end":{"line":13,"column":81}},"7":{"start":{"line":13,"column":58},"end":{"line":13,"column":79}},"8":{"start":{"line":14,"column":2},"end":{"line":17,"column":3}},"9":{"start":{"line":15,"column":4},"end":{"line":15,"column":25}},"10":{"start":{"line":16,"column":4},"end":{"line":16,"column":57}},"11":{"start":{"line":21,"column":2},"end":{"line":21,"column":64}},"12":{"start":{"line":21,"column":17},"end":{"line":21,"column":64}},"13":{"start":{"line":22,"column":2},"end":{"line":29,"column":3}},"14":{"start":{"line":23,"column":21},"end":{"line":23,"column":58}},"15":{"start":{"line":24,"column":4},"end":{"line":24,"column":70}},"16":{"start":{"line":24,"column":22},"end":{"line":24,"column":70}},"17":{"start":{"line":25,"column":4},"end":{"line":25,"column":33}},"18":{"start":{"line":27,"column":4},"end":{"line":27,"column":40}},"19":{"start":{"line":28,"column":4},"end":{"line":28,"column":16}},"20":{"start":{"line":33,"column":2},"end":{"line":47,"column":3}},"21":{"start":{"line":34,"column":21},"end":{"line":38,"column":6}},"22":{"start":{"line":39,"column":4},"end":{"line":42,"column":5}},"23":{"start":{"line":40,"column":24},"end":{"line":40,"column":45}},"24":{"start":{"line":41,"column":6},"end":{"line":41,"column":73}},"25":{"start":{"line":43,"column":4},"end":{"line":43,"column":33}},"26":{"start":{"line":45,"column":4},"end":{"line":45,"column":39}},"27":{"start":{"line":46,"column":4},"end":{"line":46,"column":16}},"28":{"start":{"line":51,"column":2},"end":{"line":65,"column":3}},"29":{"start":{"line":52,"column":21},"end":{"line":56,"column":6}},"30":{"start":{"line":57,"column":4},"end":{"line":60,"column":5}},"31":{"start":{"line":58,"column":24},"end":{"line":58,"column":45}},"32":{"start":{"line":59,"column":6},"end":{"line":59,"column":73}},"33":{"start":{"line":61,"column":4},"end":{"line":61,"column":33}},"34":{"start":{"line":63,"column":4},"end":{"line":63,"column":41}},"35":{"start":{"line":64,"column":4},"end":{"line":64,"column":16}},"36":{"start":{"line":69,"column":2},"end":{"line":75,"column":3}},"37":{"start":{"line":70,"column":21},"end":{"line":70,"column":86}},"38":{"start":{"line":71,"column":4},"end":{"line":71,"column":70}},"39":{"start":{"line":71,"column":22},"end":{"line":71,"column":70}},"40":{"start":{"line":73,"column":4},"end":{"line":73,"column":41}},"41":{"start":{"line":74,"column":4},"end":{"line":74,"column":16}},"42":{"start":{"line":79,"column":2},"end":{"line":124,"column":3}},"43":{"start":{"line":80,"column":19},"end":{"line":80,"column":44}},"44":{"start":{"line":81,"column":19},"end":{"line":81,"column":44}},"45":{"start":{"line":82,"column":19},"end":{"line":82,"column":44}},"46":{"start":{"line":83,"column":21},"end":{"line":83,"column":48}},"47":{"start":{"line":85,"column":25},"end":{"line":87,"column":5}},"48":{"start":{"line":86,"column":6},"end":{"line":86,"column":66}},"49":{"start":{"line":89,"column":4},"end":{"line":97,"column":5}},"50":{"start":{"line":90,"column":6},"end":{"line":90,"column":66}},"51":{"start":{"line":90,"column":36},"end":{"line":90,"column":64}},"52":{"start":{"line":91,"column":11},"end":{"line":97,"column":5}},"53":{"start":{"line":92,"column":6},"end":{"line":92,"column":66}},"54":{"start":{"line":92,"column":36},"end":{"line":92,"column":64}},"55":{"start":{"line":93,"column":11},"end":{"line":97,"column":5}},"56":{"start":{"line":94,"column":6},"end":{"line":94,"column":92}},"57":{"start":{"line":94,"column":36},"end":{"line":94,"column":90}},"58":{"start":{"line":95,"column":11},"end":{"line":97,"column":5}},"59":{"start":{"line":96,"column":6},"end":{"line":96,"column":92}},"60":{"start":{"line":96,"column":36},"end":{"line":96,"column":90}},"61":{"start":{"line":99,"column":22},"end":{"line":99,"column":59}},"62":{"start":{"line":100,"column":4},"end":{"line":100,"column":29}},"63":{"start":{"line":102,"column":4},"end":{"line":121,"column":7}},"64":{"start":{"line":103,"column":20},"end":{"line":103,"column":77}},"65":{"start":{"line":103,"column":37},"end":{"line":103,"column":60}},"66":{"start":{"line":104,"column":20},"end":{"line":104,"column":77}},"67":{"start":{"line":104,"column":37},"end":{"line":104,"column":60}},"68":{"start":{"line":105,"column":22},"end":{"line":105,"column":83}},"69":{"start":{"line":105,"column":41},"end":{"line":105,"column":66}},"70":{"start":{"line":107,"column":19},"end":{"line":107,"column":48}},"71":{"start":{"line":108,"column":6},"end":{"line":108,"column":36}},"72":{"start":{"line":109,"column":6},"end":{"line":119,"column":8}},"73":{"start":{"line":120,"column":6},"end":{"line":120,"column":34}},"74":{"start":{"line":123,"column":4},"end":{"line":123,"column":59}},"75":{"start":{"line":128,"column":2},"end":{"line":179,"column":3}},"76":{"start":{"line":129,"column":22},"end":{"line":129,"column":50}},"77":{"start":{"line":130,"column":19},"end":{"line":130,"column":44}},"78":{"start":{"line":131,"column":19},"end":{"line":131,"column":44}},"79":{"start":{"line":132,"column":21},"end":{"line":132,"column":48}},"80":{"start":{"line":133,"column":19},"end":{"line":133,"column":44}},"81":{"start":{"line":135,"column":33},"end":{"line":135,"column":82}},"82":{"start":{"line":136,"column":4},"end":{"line":141,"column":7}},"83":{"start":{"line":137,"column":21},"end":{"line":137,"column":53}},"84":{"start":{"line":138,"column":6},"end":{"line":138,"column":34}},"85":{"start":{"line":139,"column":6},"end":{"line":139,"column":40}},"86":{"start":{"line":140,"column":6},"end":{"line":140,"column":47}},"87":{"start":{"line":143,"column":29},"end":{"line":143,"column":74}},"88":{"start":{"line":144,"column":4},"end":{"line":149,"column":7}},"89":{"start":{"line":145,"column":21},"end":{"line":145,"column":53}},"90":{"start":{"line":146,"column":6},"end":{"line":146,"column":30}},"91":{"start":{"line":147,"column":6},"end":{"line":147,"column":38}},"92":{"start":{"line":148,"column":6},"end":{"line":148,"column":43}},"93":{"start":{"line":151,"column":29},"end":{"line":151,"column":74}},"94":{"start":{"line":152,"column":4},"end":{"line":157,"column":7}},"95":{"start":{"line":153,"column":21},"end":{"line":153,"column":53}},"96":{"start":{"line":154,"column":6},"end":{"line":154,"column":30}},"97":{"start":{"line":155,"column":6},"end":{"line":155,"column":38}},"98":{"start":{"line":156,"column":6},"end":{"line":156,"column":43}},"99":{"start":{"line":159,"column":31},"end":{"line":159,"column":78}},"100":{"start":{"line":160,"column":4},"end":{"line":165,"column":7}},"101":{"start":{"line":161,"column":21},"end":{"line":161,"column":53}},"102":{"start":{"line":162,"column":6},"end":{"line":162,"column":32}},"103":{"start":{"line":163,"column":6},"end":{"line":163,"column":40}},"104":{"start":{"line":164,"column":6},"end":{"line":164,"column":45}},"105":{"start":{"line":167,"column":35},"end":{"line":167,"column":79}},"106":{"start":{"line":168,"column":4},"end":{"line":173,"column":7}},"107":{"start":{"line":169,"column":21},"end":{"line":169,"column":53}},"108":{"start":{"line":170,"column":6},"end":{"line":170,"column":32}},"109":{"start":{"line":171,"column":6},"end":{"line":171,"column":40}},"110":{"start":{"line":172,"column":6},"end":{"line":172,"column":49}},"111":{"start":{"line":175,"column":4},"end":{"line":175,"column":30}},"112":{"start":{"line":176,"column":4},"end":{"line":176,"column":31}},"113":{"start":{"line":178,"column":4},"end":{"line":178,"column":60}},"114":{"start":{"line":183,"column":21},"end":{"line":183,"column":65}},"115":{"start":{"line":184,"column":20},"end":{"line":184,"column":63}},"116":{"start":{"line":185,"column":2},"end":{"line":185,"column":58}},"117":{"start":{"line":186,"column":2},"end":{"line":186,"column":57}},"118":{"start":{"line":188,"column":2},"end":{"line":201,"column":5}},"119":{"start":{"line":189,"column":4},"end":{"line":194,"column":5}},"120":{"start":{"line":190,"column":21},"end":{"line":190,"column":53}},"121":{"start":{"line":191,"column":6},"end":{"line":191,"column":30}},"122":{"start":{"line":192,"column":6},"end":{"line":192,"column":38}},"123":{"start":{"line":193,"column":6},"end":{"line":193,"column":37}},"124":{"start":{"line":195,"column":4},"end":{"line":200,"column":5}},"125":{"start":{"line":196,"column":21},"end":{"line":196,"column":53}},"126":{"start":{"line":197,"column":6},"end":{"line":197,"column":30}},"127":{"start":{"line":198,"column":6},"end":{"line":198,"column":38}},"128":{"start":{"line":199,"column":6},"end":{"line":199,"column":36}},"129":{"start":{"line":205,"column":22},"end":{"line":205,"column":69}},"130":{"start":{"line":206,"column":2},"end":{"line":206,"column":110}},"131":{"start":{"line":210,"column":15},"end":{"line":210,"column":46}},"132":{"start":{"line":211,"column":17},"end":{"line":211,"column":75}},"133":{"start":{"line":212,"column":16},"end":{"line":212,"column":20}},"134":{"start":{"line":214,"column":2},"end":{"line":222,"column":5}},"135":{"start":{"line":215,"column":22},"end":{"line":215,"column":73}},"136":{"start":{"line":216,"column":4},"end":{"line":221,"column":5}},"137":{"start":{"line":217,"column":6},"end":{"line":217,"column":86}},"138":{"start":{"line":218,"column":6},"end":{"line":218,"column":22}},"139":{"start":{"line":220,"column":6},"end":{"line":220,"column":33}},"140":{"start":{"line":224,"column":2},"end":{"line":224,"column":17}},"141":{"start":{"line":228,"column":15},"end":{"line":228,"column":46}},"142":{"start":{"line":229,"column":2},"end":{"line":243,"column":5}},"143":{"start":{"line":230,"column":4},"end":{"line":230,"column":23}},"144":{"start":{"line":231,"column":4},"end":{"line":231,"column":38}},"145":{"start":{"line":231,"column":31},"end":{"line":231,"column":38}},"146":{"start":{"line":233,"column":21},"end":{"line":233,"column":39}},"147":{"start":{"line":234,"column":17},"end":{"line":234,"column":45}},"148":{"start":{"line":235,"column":4},"end":{"line":242,"column":5}},"149":{"start":{"line":236,"column":6},"end":{"line":236,"column":37}},"150":{"start":{"line":237,"column":6},"end":{"line":237,"column":33}},"151":{"start":{"line":238,"column":6},"end":{"line":238,"column":24}},"152":{"start":{"line":239,"column":6},"end":{"line":239,"column":17}},"153":{"start":{"line":241,"column":6},"end":{"line":241,"column":56}},"154":{"start":{"line":247,"column":2},"end":{"line":277,"column":3}},"155":{"start":{"line":248,"column":18},"end":{"line":248,"column":49}},"156":{"start":{"line":249,"column":4},"end":{"line":249,"column":29}},"157":{"start":{"line":250,"column":17},"end":{"line":250,"column":54}},"158":{"start":{"line":251,"column":4},"end":{"line":251,"column":33}},"159":{"start":{"line":252,"column":4},"end":{"line":252,"column":41}},"160":{"start":{"line":253,"column":4},"end":{"line":253,"column":83}},"161":{"start":{"line":254,"column":4},"end":{"line":254,"column":37}},"162":{"start":{"line":255,"column":4},"end":{"line":255,"column":45}},"163":{"start":{"line":256,"column":4},"end":{"line":256,"column":43}},"164":{"start":{"line":257,"column":4},"end":{"line":257,"column":41}},"165":{"start":{"line":258,"column":4},"end":{"line":258,"column":45}},"166":{"start":{"line":260,"column":4},"end":{"line":274,"column":6}},"167":{"start":{"line":261,"column":6},"end":{"line":261,"column":25}},"168":{"start":{"line":262,"column":6},"end":{"line":262,"column":46}},"169":{"start":{"line":262,"column":39},"end":{"line":262,"column":46}},"170":{"start":{"line":263,"column":23},"end":{"line":263,"column":41}},"171":{"start":{"line":264,"column":19},"end":{"line":264,"column":47}},"172":{"start":{"line":265,"column":6},"end":{"line":273,"column":7}},"173":{"start":{"line":266,"column":8},"end":{"line":266,"column":45}},"174":{"start":{"line":267,"column":8},"end":{"line":267,"column":43}},"175":{"start":{"line":268,"column":8},"end":{"line":268,"column":32}},"176":{"start":{"line":269,"column":8},"end":{"line":269,"column":33}},"177":{"start":{"line":270,"column":8},"end":{"line":270,"column":21}},"178":{"start":{"line":272,"column":8},"end":{"line":272,"column":55}},"179":{"start":{"line":276,"column":4},"end":{"line":276,"column":67}},"180":{"start":{"line":281,"column":2},"end":{"line":289,"column":3}},"181":{"start":{"line":282,"column":4},"end":{"line":288,"column":5}},"182":{"start":{"line":283,"column":6},"end":{"line":283,"column":37}},"183":{"start":{"line":284,"column":6},"end":{"line":284,"column":35}},"184":{"start":{"line":285,"column":6},"end":{"line":285,"column":19}},"185":{"start":{"line":287,"column":6},"end":{"line":287,"column":55}},"186":{"start":{"line":293,"column":2},"end":{"line":296,"column":3}},"187":{"start":{"line":294,"column":4},"end":{"line":294,"column":38}},"188":{"start":{"line":295,"column":4},"end":{"line":295,"column":11}},"189":{"start":{"line":297,"column":2},"end":{"line":297,"column":31}},"190":{"start":{"line":298,"column":2},"end":{"line":298,"column":34}},"191":{"start":{"line":302,"column":2},"end":{"line":305,"column":3}},"192":{"start":{"line":303,"column":4},"end":{"line":303,"column":38}},"193":{"start":{"line":304,"column":4},"end":{"line":304,"column":11}},"194":{"start":{"line":306,"column":16},"end":{"line":306,"column":63}},"195":{"start":{"line":307,"column":2},"end":{"line":310,"column":3}},"196":{"start":{"line":308,"column":4},"end":{"line":308,"column":46}},"197":{"start":{"line":309,"column":4},"end":{"line":309,"column":11}},"198":{"start":{"line":311,"column":2},"end":{"line":325,"column":3}},"199":{"start":{"line":312,"column":21},"end":{"line":312,"column":101}},"200":{"start":{"line":313,"column":4},"end":{"line":313,"column":70}},"201":{"start":{"line":313,"column":22},"end":{"line":313,"column":70}},"202":{"start":{"line":314,"column":17},"end":{"line":314,"column":38}},"203":{"start":{"line":315,"column":26},"end":{"line":315,"column":66}},"204":{"start":{"line":316,"column":4},"end":{"line":316,"column":35}},"205":{"start":{"line":317,"column":4},"end":{"line":322,"column":7}},"206":{"start":{"line":318,"column":6},"end":{"line":321,"column":9}},"207":{"start":{"line":319,"column":24},"end":{"line":319,"column":69}},"208":{"start":{"line":320,"column":8},"end":{"line":320,"column":34}},"209":{"start":{"line":324,"column":4},"end":{"line":324,"column":64}},"210":{"start":{"line":329,"column":2},"end":{"line":341,"column":3}},"211":{"start":{"line":330,"column":18},"end":{"line":330,"column":54}},"212":{"start":{"line":331,"column":19},"end":{"line":331,"column":44}},"213":{"start":{"line":332,"column":19},"end":{"line":332,"column":44}},"214":{"start":{"line":333,"column":21},"end":{"line":333,"column":48}},"215":{"start":{"line":334,"column":18},"end":{"line":334,"column":75}},"216":{"start":{"line":334,"column":35},"end":{"line":334,"column":58}},"217":{"start":{"line":335,"column":18},"end":{"line":335,"column":75}},"218":{"start":{"line":335,"column":35},"end":{"line":335,"column":58}},"219":{"start":{"line":336,"column":20},"end":{"line":336,"column":81}},"220":{"start":{"line":336,"column":39},"end":{"line":336,"column":64}},"221":{"start":{"line":338,"column":4},"end":{"line":338,"column":127}},"222":{"start":{"line":340,"column":4},"end":{"line":340,"column":71}},"223":{"start":{"line":345,"column":2},"end":{"line":348,"column":3}},"224":{"start":{"line":346,"column":4},"end":{"line":346,"column":38}},"225":{"start":{"line":347,"column":4},"end":{"line":347,"column":11}},"226":{"start":{"line":349,"column":2},"end":{"line":349,"column":32}},"227":{"start":{"line":350,"column":2},"end":{"line":350,"column":34}},"228":{"start":{"line":351,"column":2},"end":{"line":351,"column":19}},"229":{"start":{"line":355,"column":2},"end":{"line":358,"column":3}},"230":{"start":{"line":356,"column":4},"end":{"line":356,"column":38}},"231":{"start":{"line":357,"column":4},"end":{"line":357,"column":11}},"232":{"start":{"line":359,"column":17},"end":{"line":359,"column":66}},"233":{"start":{"line":360,"column":20},"end":{"line":360,"column":70}},"234":{"start":{"line":361,"column":12},"end":{"line":361,"column":66}},"235":{"start":{"line":362,"column":17},"end":{"line":362,"column":38}},"236":{"start":{"line":363,"column":2},"end":{"line":363,"column":46}},"237":{"start":{"line":363,"column":14},"end":{"line":363,"column":46}},"238":{"start":{"line":364,"column":2},"end":{"line":364,"column":56}},"239":{"start":{"line":364,"column":17},"end":{"line":364,"column":56}},"240":{"start":{"line":365,"column":2},"end":{"line":365,"column":56}},"241":{"start":{"line":365,"column":25},"end":{"line":365,"column":56}},"242":{"start":{"line":367,"column":2},"end":{"line":380,"column":3}},"243":{"start":{"line":368,"column":22},"end":{"line":368,"column":71}},"244":{"start":{"line":369,"column":26},"end":{"line":369,"column":67}},"245":{"start":{"line":370,"column":4},"end":{"line":370,"column":33}},"246":{"start":{"line":372,"column":4},"end":{"line":377,"column":7}},"247":{"start":{"line":373,"column":19},"end":{"line":373,"column":48}},"248":{"start":{"line":374,"column":6},"end":{"line":374,"column":36}},"249":{"start":{"line":375,"column":6},"end":{"line":375,"column":76}},"250":{"start":{"line":376,"column":6},"end":{"line":376,"column":38}},"251":{"start":{"line":379,"column":4},"end":{"line":379,"column":65}},"252":{"start":{"line":384,"column":0},"end":{"line":403,"column":3}},"253":{"start":{"line":385,"column":2},"end":{"line":385,"column":15}},"254":{"start":{"line":386,"column":2},"end":{"line":386,"column":22}},"255":{"start":{"line":388,"column":2},"end":{"line":388,"column":67}},"256":{"start":{"line":389,"column":2},"end":{"line":389,"column":66}},"257":{"start":{"line":390,"column":2},"end":{"line":390,"column":55}},"258":{"start":{"line":391,"column":2},"end":{"line":391,"column":62}},"259":{"start":{"line":392,"column":2},"end":{"line":392,"column":62}},"260":{"start":{"line":394,"column":2},"end":{"line":397,"column":5}},"261":{"start":{"line":395,"column":23},"end":{"line":395,"column":67}},"262":{"start":{"line":396,"column":4},"end":{"line":396,"column":43}},"263":{"start":{"line":399,"column":2},"end":{"line":402,"column":5}},"264":{"start":{"line":400,"column":24},"end":{"line":400,"column":70}},"265":{"start":{"line":401,"column":4},"end":{"line":401,"column":44}}},"fnMap":{"0":{"name":"showSection","decl":{"start":{"line":3,"column":9},"end":{"line":3,"column":20}},"loc":{"start":{"line":3,"column":32},"end":{"line":8,"column":1}},"line":3},"1":{"name":"(anonymous_1)","decl":{"start":{"line":4,"column":47},"end":{"line":4,"column":48}},"loc":{"start":{"line":4,"column":58},"end":{"line":7,"column":3}},"line":4},"2":{"name":"resetForm","decl":{"start":{"line":10,"column":9},"end":{"line":10,"column":18}},"loc":{"start":{"line":10,"column":27},"end":{"line":18,"column":1}},"line":10},"3":{"name":"(anonymous_3)","decl":{"start":{"line":13,"column":50},"end":{"line":13,"column":51}},"loc":{"start":{"line":13,"column":58},"end":{"line":13,"column":79}},"line":13},"4":{"name":"fetchData","decl":{"start":{"line":20,"column":15},"end":{"line":20,"column":24}},"loc":{"start":{"line":20,"column":35},"end":{"line":30,"column":1}},"line":20},"5":{"name":"postData","decl":{"start":{"line":32,"column":15},"end":{"line":32,"column":23}},"loc":{"start":{"line":32,"column":40},"end":{"line":48,"column":1}},"line":32},"6":{"name":"updateData","decl":{"start":{"line":50,"column":15},"end":{"line":50,"column":25}},"loc":{"start":{"line":50,"column":46},"end":{"line":66,"column":1}},"line":50},"7":{"name":"deleteData","decl":{"start":{"line":68,"column":15},"end":{"line":68,"column":25}},"loc":{"start":{"line":68,"column":40},"end":{"line":76,"column":1}},"line":68},"8":{"name":"loadHorses","decl":{"start":{"line":78,"column":15},"end":{"line":78,"column":25}},"loc":{"start":{"line":78,"column":69},"end":{"line":125,"column":1}},"line":78},"9":{"name":"(anonymous_9)","decl":{"start":{"line":85,"column":39},"end":{"line":85,"column":40}},"loc":{"start":{"line":86,"column":6},"end":{"line":86,"column":66}},"line":86},"10":{"name":"(anonymous_10)","decl":{"start":{"line":90,"column":26},"end":{"line":90,"column":27}},"loc":{"start":{"line":90,"column":36},"end":{"line":90,"column":64}},"line":90},"11":{"name":"(anonymous_11)","decl":{"start":{"line":92,"column":26},"end":{"line":92,"column":27}},"loc":{"start":{"line":92,"column":36},"end":{"line":92,"column":64}},"line":92},"12":{"name":"(anonymous_12)","decl":{"start":{"line":94,"column":26},"end":{"line":94,"column":27}},"loc":{"start":{"line":94,"column":36},"end":{"line":94,"column":90}},"line":94},"13":{"name":"(anonymous_13)","decl":{"start":{"line":96,"column":26},"end":{"line":96,"column":27}},"loc":{"start":{"line":96,"column":36},"end":{"line":96,"column":90}},"line":96},"14":{"name":"(anonymous_14)","decl":{"start":{"line":102,"column":27},"end":{"line":102,"column":28}},"loc":{"start":{"line":102,"column":36},"end":{"line":121,"column":5}},"line":102},"15":{"name":"(anonymous_15)","decl":{"start":{"line":103,"column":32},"end":{"line":103,"column":33}},"loc":{"start":{"line":103,"column":37},"end":{"line":103,"column":60}},"line":103},"16":{"name":"(anonymous_16)","decl":{"start":{"line":104,"column":32},"end":{"line":104,"column":33}},"loc":{"start":{"line":104,"column":37},"end":{"line":104,"column":60}},"line":104},"17":{"name":"(anonymous_17)","decl":{"start":{"line":105,"column":36},"end":{"line":105,"column":37}},"loc":{"start":{"line":105,"column":41},"end":{"line":105,"column":66}},"line":105},"18":{"name":"loadSelectOptions","decl":{"start":{"line":127,"column":15},"end":{"line":127,"column":32}},"loc":{"start":{"line":127,"column":35},"end":{"line":180,"column":1}},"line":127},"19":{"name":"(anonymous_19)","decl":{"start":{"line":136,"column":22},"end":{"line":136,"column":23}},"loc":{"start":{"line":136,"column":33},"end":{"line":141,"column":5}},"line":136},"20":{"name":"(anonymous_20)","decl":{"start":{"line":144,"column":19},"end":{"line":144,"column":20}},"loc":{"start":{"line":144,"column":28},"end":{"line":149,"column":5}},"line":144},"21":{"name":"(anonymous_21)","decl":{"start":{"line":152,"column":19},"end":{"line":152,"column":20}},"loc":{"start":{"line":152,"column":28},"end":{"line":157,"column":5}},"line":152},"22":{"name":"(anonymous_22)","decl":{"start":{"line":160,"column":21},"end":{"line":160,"column":22}},"loc":{"start":{"line":160,"column":32},"end":{"line":165,"column":5}},"line":160},"23":{"name":"(anonymous_23)","decl":{"start":{"line":168,"column":21},"end":{"line":168,"column":22}},"loc":{"start":{"line":168,"column":32},"end":{"line":173,"column":5}},"line":168},"24":{"name":"updateHorseSelects","decl":{"start":{"line":182,"column":9},"end":{"line":182,"column":27}},"loc":{"start":{"line":182,"column":69},"end":{"line":202,"column":1}},"line":182},"25":{"name":"(anonymous_25)","decl":{"start":{"line":188,"column":17},"end":{"line":188,"column":18}},"loc":{"start":{"line":188,"column":26},"end":{"line":201,"column":3}},"line":188},"26":{"name":"filterHorses","decl":{"start":{"line":204,"column":9},"end":{"line":204,"column":21}},"loc":{"start":{"line":204,"column":28},"end":{"line":207,"column":1}},"line":204},"27":{"name":"validateForm","decl":{"start":{"line":209,"column":9},"end":{"line":209,"column":21}},"loc":{"start":{"line":209,"column":30},"end":{"line":225,"column":1}},"line":209},"28":{"name":"(anonymous_28)","decl":{"start":{"line":214,"column":17},"end":{"line":214,"column":18}},"loc":{"start":{"line":214,"column":26},"end":{"line":222,"column":3}},"line":214},"29":{"name":"handleFormSubmit","decl":{"start":{"line":227,"column":9},"end":{"line":227,"column":25}},"loc":{"start":{"line":227,"column":54},"end":{"line":244,"column":1}},"line":227},"30":{"name":"(anonymous_30)","decl":{"start":{"line":229,"column":34},"end":{"line":229,"column":35}},"loc":{"start":{"line":229,"column":47},"end":{"line":243,"column":3}},"line":229},"31":{"name":"editHorse","decl":{"start":{"line":246,"column":15},"end":{"line":246,"column":24}},"loc":{"start":{"line":246,"column":29},"end":{"line":278,"column":1}},"line":246},"32":{"name":"(anonymous_32)","decl":{"start":{"line":260,"column":20},"end":{"line":260,"column":21}},"loc":{"start":{"line":260,"column":33},"end":{"line":274,"column":5}},"line":260},"33":{"name":"deleteHorse","decl":{"start":{"line":280,"column":15},"end":{"line":280,"column":26}},"loc":{"start":{"line":280,"column":31},"end":{"line":290,"column":1}},"line":280},"34":{"name":"showPedigree","decl":{"start":{"line":292,"column":15},"end":{"line":292,"column":27}},"loc":{"start":{"line":292,"column":37},"end":{"line":299,"column":1}},"line":292},"35":{"name":"fetchPedigreeHtml","decl":{"start":{"line":301,"column":15},"end":{"line":301,"column":32}},"loc":{"start":{"line":301,"column":35},"end":{"line":326,"column":1}},"line":301},"36":{"name":"(anonymous_36)","decl":{"start":{"line":317,"column":52},"end":{"line":317,"column":53}},"loc":{"start":{"line":317,"column":60},"end":{"line":322,"column":5}},"line":317},"37":{"name":"(anonymous_37)","decl":{"start":{"line":318,"column":37},"end":{"line":318,"column":38}},"loc":{"start":{"line":318,"column":43},"end":{"line":321,"column":7}},"line":318},"38":{"name":"showHorseDetails","decl":{"start":{"line":328,"column":15},"end":{"line":328,"column":31}},"loc":{"start":{"line":328,"column":41},"end":{"line":342,"column":1}},"line":328},"39":{"name":"(anonymous_39)","decl":{"start":{"line":334,"column":30},"end":{"line":334,"column":31}},"loc":{"start":{"line":334,"column":35},"end":{"line":334,"column":58}},"line":334},"40":{"name":"(anonymous_40)","decl":{"start":{"line":335,"column":30},"end":{"line":335,"column":31}},"loc":{"start":{"line":335,"column":35},"end":{"line":335,"column":58}},"line":335},"41":{"name":"(anonymous_41)","decl":{"start":{"line":336,"column":34},"end":{"line":336,"column":35}},"loc":{"start":{"line":336,"column":39},"end":{"line":336,"column":64}},"line":336},"42":{"name":"showOffspring","decl":{"start":{"line":344,"column":15},"end":{"line":344,"column":28}},"loc":{"start":{"line":344,"column":38},"end":{"line":352,"column":1}},"line":344},"43":{"name":"fetchOffspring","decl":{"start":{"line":354,"column":15},"end":{"line":354,"column":29}},"loc":{"start":{"line":354,"column":32},"end":{"line":381,"column":1}},"line":354},"44":{"name":"(anonymous_44)","decl":{"start":{"line":372,"column":22},"end":{"line":372,"column":23}},"loc":{"start":{"line":372,"column":31},"end":{"line":377,"column":5}},"line":372},"45":{"name":"(anonymous_45)","decl":{"start":{"line":384,"column":46},"end":{"line":384,"column":47}},"loc":{"start":{"line":384,"column":52},"end":{"line":403,"column":1}},"line":384},"46":{"name":"(anonymous_46)","decl":{"start":{"line":394,"column":69},"end":{"line":394,"column":70}},"loc":{"start":{"line":394,"column":76},"end":{"line":397,"column":3}},"line":394},"47":{"name":"(anonymous_47)","decl":{"start":{"line":399,"column":68},"end":{"line":399,"column":69}},"loc":{"start":{"line":399,"column":75},"end":{"line":402,"column":3}},"line":399}},"branchMap":{"0":{"loc":{"start":{"line":14,"column":2},"end":{"line":17,"column":3}},"type":"if","locations":[{"start":{"line":14,"column":2},"end":{"line":17,"column":3}},{"start":{},"end":{}}],"line":14},"1":{"loc":{"start":{"line":21,"column":2},"end":{"line":21,"column":64}},"type":"if","locations":[{"start":{"line":21,"column":2},"end":{"line":21,"column":64}},{"start":{},"end":{}}],"line":21},"2":{"loc":{"start":{"line":24,"column":4},"end":{"line":24,"column":70}},"type":"if","locations":[{"start":{"line":24,"column":4},"end":{"line":24,"column":70}},{"start":{},"end":{}}],"line":24},"3":{"loc":{"start":{"line":39,"column":4},"end":{"line":42,"column":5}},"type":"if","locations":[{"start":{"line":39,"column":4},"end":{"line":42,"column":5}},{"start":{},"end":{}}],"line":39},"4":{"loc":{"start":{"line":41,"column":22},"end":{"line":41,"column":71}},"type":"binary-expr","locations":[{"start":{"line":41,"column":22},"end":{"line":41,"column":37}},{"start":{"line":41,"column":41},"end":{"line":41,"column":71}}],"line":41},"5":{"loc":{"start":{"line":57,"column":4},"end":{"line":60,"column":5}},"type":"if","locations":[{"start":{"line":57,"column":4},"end":{"line":60,"column":5}},{"start":{},"end":{}}],"line":57},"6":{"loc":{"start":{"line":59,"column":22},"end":{"line":59,"column":71}},"type":"binary-expr","locations":[{"start":{"line":59,"column":22},"end":{"line":59,"column":37}},{"start":{"line":59,"column":41},"end":{"line":59,"column":71}}],"line":59},"7":{"loc":{"start":{"line":71,"column":4},"end":{"line":71,"column":70}},"type":"if","locations":[{"start":{"line":71,"column":4},"end":{"line":71,"column":70}},{"start":{},"end":{}}],"line":71},"8":{"loc":{"start":{"line":78,"column":26},"end":{"line":78,"column":42}},"type":"default-arg","locations":[{"start":{"line":78,"column":40},"end":{"line":78,"column":42}}],"line":78},"9":{"loc":{"start":{"line":78,"column":44},"end":{"line":78,"column":67}},"type":"default-arg","locations":[{"start":{"line":78,"column":57},"end":{"line":78,"column":67}}],"line":78},"10":{"loc":{"start":{"line":89,"column":4},"end":{"line":97,"column":5}},"type":"if","locations":[{"start":{"line":89,"column":4},"end":{"line":97,"column":5}},{"start":{"line":91,"column":11},"end":{"line":97,"column":5}}],"line":89},"11":{"loc":{"start":{"line":91,"column":11},"end":{"line":97,"column":5}},"type":"if","locations":[{"start":{"line":91,"column":11},"end":{"line":97,"column":5}},{"start":{"line":93,"column":11},"end":{"line":97,"column":5}}],"line":91},"12":{"loc":{"start":{"line":93,"column":11},"end":{"line":97,"column":5}},"type":"if","locations":[{"start":{"line":93,"column":11},"end":{"line":97,"column":5}},{"start":{"line":95,"column":11},"end":{"line":97,"column":5}}],"line":93},"13":{"loc":{"start":{"line":94,"column":37},"end":{"line":94,"column":55}},"type":"binary-expr","locations":[{"start":{"line":94,"column":37},"end":{"line":94,"column":49}},{"start":{"line":94,"column":53},"end":{"line":94,"column":55}}],"line":94},"14":{"loc":{"start":{"line":94,"column":71},"end":{"line":94,"column":89}},"type":"binary-expr","locations":[{"start":{"line":94,"column":71},"end":{"line":94,"column":83}},{"start":{"line":94,"column":87},"end":{"line":94,"column":89}}],"line":94},"15":{"loc":{"start":{"line":95,"column":11},"end":{"line":97,"column":5}},"type":"if","locations":[{"start":{"line":95,"column":11},"end":{"line":97,"column":5}},{"start":{},"end":{}}],"line":95},"16":{"loc":{"start":{"line":96,"column":37},"end":{"line":96,"column":55}},"type":"binary-expr","locations":[{"start":{"line":96,"column":37},"end":{"line":96,"column":49}},{"start":{"line":96,"column":53},"end":{"line":96,"column":55}}],"line":96},"17":{"loc":{"start":{"line":96,"column":71},"end":{"line":96,"column":89}},"type":"binary-expr","locations":[{"start":{"line":96,"column":71},"end":{"line":96,"column":83}},{"start":{"line":96,"column":87},"end":{"line":96,"column":89}}],"line":96},"18":{"loc":{"start":{"line":103,"column":20},"end":{"line":103,"column":77}},"type":"binary-expr","locations":[{"start":{"line":103,"column":20},"end":{"line":103,"column":67}},{"start":{"line":103,"column":71},"end":{"line":103,"column":77}}],"line":103},"19":{"loc":{"start":{"line":104,"column":20},"end":{"line":104,"column":77}},"type":"binary-expr","locations":[{"start":{"line":104,"column":20},"end":{"line":104,"column":67}},{"start":{"line":104,"column":71},"end":{"line":104,"column":77}}],"line":104},"20":{"loc":{"start":{"line":105,"column":22},"end":{"line":105,"column":83}},"type":"binary-expr","locations":[{"start":{"line":105,"column":22},"end":{"line":105,"column":73}},{"start":{"line":105,"column":77},"end":{"line":105,"column":83}}],"line":105},"21":{"loc":{"start":{"line":182,"column":36},"end":{"line":182,"column":51}},"type":"default-arg","locations":[{"start":{"line":182,"column":49},"end":{"line":182,"column":51}}],"line":182},"22":{"loc":{"start":{"line":182,"column":53},"end":{"line":182,"column":67}},"type":"default-arg","locations":[{"start":{"line":182,"column":65},"end":{"line":182,"column":67}}],"line":182},"23":{"loc":{"start":{"line":189,"column":4},"end":{"line":194,"column":5}},"type":"if","locations":[{"start":{"line":189,"column":4},"end":{"line":194,"column":5}},{"start":{},"end":{}}],"line":189},"24":{"loc":{"start":{"line":189,"column":8},"end":{"line":189,"column":112}},"type":"binary-expr","locations":[{"start":{"line":189,"column":8},"end":{"line":189,"column":32}},{"start":{"line":189,"column":37},"end":{"line":189,"column":48}},{"start":{"line":189,"column":52},"end":{"line":189,"column":111}}],"line":189},"25":{"loc":{"start":{"line":195,"column":4},"end":{"line":200,"column":5}},"type":"if","locations":[{"start":{"line":195,"column":4},"end":{"line":200,"column":5}},{"start":{},"end":{}}],"line":195},"26":{"loc":{"start":{"line":195,"column":8},"end":{"line":195,"column":110}},"type":"binary-expr","locations":[{"start":{"line":195,"column":8},"end":{"line":195,"column":32}},{"start":{"line":195,"column":37},"end":{"line":195,"column":47}},{"start":{"line":195,"column":51},"end":{"line":195,"column":109}}],"line":195},"27":{"loc":{"start":{"line":206,"column":39},"end":{"line":206,"column":73}},"type":"cond-expr","locations":[{"start":{"line":206,"column":57},"end":{"line":206,"column":68}},{"start":{"line":206,"column":71},"end":{"line":206,"column":73}}],"line":206},"28":{"loc":{"start":{"line":206,"column":75},"end":{"line":206,"column":108}},"type":"cond-expr","locations":[{"start":{"line":206,"column":92},"end":{"line":206,"column":103}},{"start":{"line":206,"column":106},"end":{"line":206,"column":108}}],"line":206},"29":{"loc":{"start":{"line":216,"column":4},"end":{"line":221,"column":5}},"type":"if","locations":[{"start":{"line":216,"column":4},"end":{"line":221,"column":5}},{"start":{"line":219,"column":11},"end":{"line":221,"column":5}}],"line":216},"30":{"loc":{"start":{"line":216,"column":8},"end":{"line":216,"column":87}},"type":"binary-expr","locations":[{"start":{"line":216,"column":8},"end":{"line":216,"column":20}},{"start":{"line":216,"column":25},"end":{"line":216,"column":38}},{"start":{"line":216,"column":42},"end":{"line":216,"column":86}}],"line":216},"31":{"loc":{"start":{"line":231,"column":4},"end":{"line":231,"column":38}},"type":"if","locations":[{"start":{"line":231,"column":4},"end":{"line":231,"column":38}},{"start":{},"end":{}}],"line":231},"32":{"loc":{"start":{"line":253,"column":28},"end":{"line":253,"column":82}},"type":"cond-expr","locations":[{"start":{"line":253,"column":47},"end":{"line":253,"column":77}},{"start":{"line":253,"column":80},"end":{"line":253,"column":82}}],"line":253},"33":{"loc":{"start":{"line":255,"column":25},"end":{"line":255,"column":44}},"type":"binary-expr","locations":[{"start":{"line":255,"column":25},"end":{"line":255,"column":38}},{"start":{"line":255,"column":42},"end":{"line":255,"column":44}}],"line":255},"34":{"loc":{"start":{"line":256,"column":24},"end":{"line":256,"column":42}},"type":"binary-expr","locations":[{"start":{"line":256,"column":24},"end":{"line":256,"column":36}},{"start":{"line":256,"column":40},"end":{"line":256,"column":42}}],"line":256},"35":{"loc":{"start":{"line":262,"column":6},"end":{"line":262,"column":46}},"type":"if","locations":[{"start":{"line":262,"column":6},"end":{"line":262,"column":46}},{"start":{},"end":{}}],"line":262},"36":{"loc":{"start":{"line":281,"column":2},"end":{"line":289,"column":3}},"type":"if","locations":[{"start":{"line":281,"column":2},"end":{"line":289,"column":3}},{"start":{},"end":{}}],"line":281},"37":{"loc":{"start":{"line":293,"column":2},"end":{"line":296,"column":3}},"type":"if","locations":[{"start":{"line":293,"column":2},"end":{"line":296,"column":3}},{"start":{},"end":{}}],"line":293},"38":{"loc":{"start":{"line":302,"column":2},"end":{"line":305,"column":3}},"type":"if","locations":[{"start":{"line":302,"column":2},"end":{"line":305,"column":3}},{"start":{},"end":{}}],"line":302},"39":{"loc":{"start":{"line":307,"column":2},"end":{"line":310,"column":3}},"type":"if","locations":[{"start":{"line":307,"column":2},"end":{"line":310,"column":3}},{"start":{},"end":{}}],"line":307},"40":{"loc":{"start":{"line":307,"column":6},"end":{"line":307,"column":28}},"type":"binary-expr","locations":[{"start":{"line":307,"column":6},"end":{"line":307,"column":15}},{"start":{"line":307,"column":19},"end":{"line":307,"column":28}}],"line":307},"41":{"loc":{"start":{"line":313,"column":4},"end":{"line":313,"column":70}},"type":"if","locations":[{"start":{"line":313,"column":4},"end":{"line":313,"column":70}},{"start":{},"end":{}}],"line":313},"42":{"loc":{"start":{"line":319,"column":24},"end":{"line":319,"column":69}},"type":"binary-expr","locations":[{"start":{"line":319,"column":24},"end":{"line":319,"column":44}},{"start":{"line":319,"column":48},"end":{"line":319,"column":69}}],"line":319},"43":{"loc":{"start":{"line":334,"column":18},"end":{"line":334,"column":75}},"type":"binary-expr","locations":[{"start":{"line":334,"column":18},"end":{"line":334,"column":65}},{"start":{"line":334,"column":69},"end":{"line":334,"column":75}}],"line":334},"44":{"loc":{"start":{"line":335,"column":18},"end":{"line":335,"column":75}},"type":"binary-expr","locations":[{"start":{"line":335,"column":18},"end":{"line":335,"column":65}},{"start":{"line":335,"column":69},"end":{"line":335,"column":75}}],"line":335},"45":{"loc":{"start":{"line":336,"column":20},"end":{"line":336,"column":81}},"type":"binary-expr","locations":[{"start":{"line":336,"column":20},"end":{"line":336,"column":71}},{"start":{"line":336,"column":75},"end":{"line":336,"column":81}}],"line":336},"46":{"loc":{"start":{"line":345,"column":2},"end":{"line":348,"column":3}},"type":"if","locations":[{"start":{"line":345,"column":2},"end":{"line":348,"column":3}},{"start":{},"end":{}}],"line":345},"47":{"loc":{"start":{"line":355,"column":2},"end":{"line":358,"column":3}},"type":"if","locations":[{"start":{"line":355,"column":2},"end":{"line":358,"column":3}},{"start":{},"end":{}}],"line":355},"48":{"loc":{"start":{"line":363,"column":2},"end":{"line":363,"column":46}},"type":"if","locations":[{"start":{"line":363,"column":2},"end":{"line":363,"column":46}},{"start":{},"end":{}}],"line":363},"49":{"loc":{"start":{"line":364,"column":2},"end":{"line":364,"column":56}},"type":"if","locations":[{"start":{"line":364,"column":2},"end":{"line":364,"column":56}},{"start":{},"end":{}}],"line":364},"50":{"loc":{"start":{"line":365,"column":2},"end":{"line":365,"column":56}},"type":"if","locations":[{"start":{"line":365,"column":2},"end":{"line":365,"column":56}},{"start":{},"end":{}}],"line":365}},"s":{"0":0,"1":0,"2":0,"3":0,"4":0,"5":0,"6":0,"7":0,"8":0,"9":0,"10":0,"11":0,"12":0,"13":0,"14":0,"15":0,"16":0,"17":0,"18":0,"19":0,"20":0,"21":0,"22":0,"23":0,"24":0,"25":0,"26":0,"27":0,"28":0,"29":0,"30":0,"31":0,"32":0,"33":0,"34":0,"35":0,"36":0,"37":0,"38":0,"39":0,"40":0,"41":0,"42":0,"43":0,"44":0,"45":0,"46":0,"47":0,"48":0,"49":0,"50":0,"51":0,"52":0,"53":0,"54":0,"55":0,"56":0,"57":0,"58":0,"59":0,"60":0,"61":0,"62":0,"63":0,"64":0,"65":0,"66":0,"67":0,"68":0,"69":0,"70":0,"71":0,"72":0,"73":0,"74":0,"75":0,"76":0,"77":0,"78":0,"79":0,"80":0,"81":0,"82":0,"83":0,"84":0,"85":0,"86":0,"87":0,"88":0,"89":0,"90":0,"91":0,"92":0,"93":0,"94":0,"95":0,"96":0,"97":0,"98":0,"99":0,"100":0,"101":0,"102":0,"103":0,"104":0,"105":0,"106":0,"107":0,"108":0,"109":0,"110":0,"111":0,"112":0,"113":0,"114":0,"115":0,"116":0,"117":0,"118":0,"119":0,"120":0,"121":0,"122":0,"123":0,"124":0,"125":0,"126":0,"127":0,"128":0,"129":0,"130":0,"131":0,"132":0,"133":0,"134":0,"135":0,"136":0,"137":0,"138":0,"139":0,"140":0,"141":0,"142":0,"143":0,"144":0,"145":0,"146":0,"147":0,"148":0,"149":0,"150":0,"151":0,"152":0,"153":0,"154":0,"155":0,"156":0,"157":0,"158":0,"159":0,"160":0,"161":0,"162":0,"163":0,"164":0,"165":0,"166":0,"167":0,"168":0,"169":0,"170":0,"171":0,"172":0,"173":0,"174":0,"175":0,"176":0,"177":0,"178":0,"179":0,"180":0,"181":0,"182":0,"183":0,"184":0,"185":0,"186":0,"187":0,"188":0,"189":0,"190":0,"191":0,"192":0,"193":0,"194":0,"195":0,"196":0,"197":0,"198":0,"199":0,"200":0,"201":0,"202":0,"203":0,"204":0,"205":0,"206":0,"207":0,"208":0,"209":0,"210":0,"211":0,"212":0,"213":0,"214":0,"215":0,"216":0,"217":0,"218":0,"219":0,"220":0,"221":0,"222":0,"223":0,"224":0,"225":0,"226":0,"227":0,"228":0,"229":0,"230":0,"231":0,"232":0,"233":0,"234":0,"235":0,"236":0,"237":0,"238":0,"239":0,"240":0,"241":0,"242":0,"243":0,"244":0,"245":0,"246":0,"247":0,"248":0,"249":0,"250":0,"251":0,"252":0,"253":0,"254":0,"255":0,"256":0,"257":0,"258":0,"259":0,"260":0,"261":0,"262":0,"263":0,"264":0,"265":0},"f":{"0":0,"1":0,"2":0,"3":0,"4":0,"5":0,"6":0,"7":0,"8":0,"9":0,"10":0,"11":0,"12":0,"13":0,"14":0,"15":0,"16":0,"17":0,"18":0,"19":0,"20":0,"21":0,"22":0,"23":0,"24":0,"25":0,"26":0,"27":0,"28":0,"29":0,"30":0,"31":0,"32":0,"33":0,"34":0,"35":0,"36":0,"37":0,"38":0,"39":0,"40":0,"41":0,"42":0,"43":0,"44":0,"45":0,"46":0,"47":0},"b":{"0":[0,0],"1":[0,0],"2":[0,0],"3":[0,0],"4":[0,0],"5":[0,0],"6":[0,0],"7":[0,0],"8":[0],"9":[0],"10":[0,0],"11":[0,0],"12":[0,0],"13":[0,0],"14":[0,0],"15":[0,0],"16":[0,0],"17":[0,0],"18":[0,0],"19":[0,0],"20":[0,0],"21":[0],"22":[0],"23":[0,0],"24":[0,0,0],"25":[0,0],"26":[0,0,0],"27":[0,0],"28":[0,0],"29":[0,0],"30":[0,0,0],"31":[0,0],"32":[0,0],"33":[0,0],"34":[0,0],"35":[0,0],"36":[0,0],"37":[0,0],"38":[0,0],"39":[0,0],"40":[0,0],"41":[0,0],"42":[0,0],"43":[0,0],"44":[0,0],"45":[0,0],"46":[0,0],"47":[0,0],"48":[0,0],"49":[0,0],"50":[0,0]}}
,"/Users/wiktoriasakowska/Documents/horse-pedigree-api/horse-pedigree-api/src/app.js": {"path":"/Users/wiktoriasakowska/Documents/horse-pedigree-api/horse-pedigree-api/src/app.js","statementMap":{"0":{"start":{"line":1,"column":16},"end":{"line":1,"column":34}},"1":{"start":{"line":2,"column":13},"end":{"line":2,"column":28}},"2":{"start":{"line":3,"column":22},"end":{"line":3,"column":55}},"3":{"start":{"line":4,"column":22},"end":{"line":4,"column":55}},"4":{"start":{"line":5,"column":20},"end":{"line":5,"column":51}},"5":{"start":{"line":6,"column":20},"end":{"line":6,"column":51}},"6":{"start":{"line":7,"column":20},"end":{"line":7,"column":51}},"7":{"start":{"line":9,"column":12},"end":{"line":9,"column":21}},"8":{"start":{"line":12,"column":0},"end":{"line":12,"column":41}},"9":{"start":{"line":15,"column":0},"end":{"line":25,"column":3}},"10":{"start":{"line":16,"column":2},"end":{"line":16,"column":49}},"11":{"start":{"line":17,"column":2},"end":{"line":17,"column":80}},"12":{"start":{"line":18,"column":2},"end":{"line":18,"column":110}},"13":{"start":{"line":20,"column":2},"end":{"line":24,"column":3}},"14":{"start":{"line":21,"column":4},"end":{"line":21,"column":24}},"15":{"start":{"line":23,"column":4},"end":{"line":23,"column":11}},"16":{"start":{"line":28,"column":0},"end":{"line":51,"column":3}},"17":{"start":{"line":29,"column":20},"end":{"line":29,"column":44}},"18":{"start":{"line":30,"column":17},"end":{"line":30,"column":27}},"19":{"start":{"line":31,"column":14},"end":{"line":31,"column":29}},"20":{"start":{"line":32,"column":13},"end":{"line":32,"column":51}},"21":{"start":{"line":34,"column":2},"end":{"line":34,"column":61}},"22":{"start":{"line":37,"column":2},"end":{"line":44,"column":3}},"23":{"start":{"line":38,"column":20},"end":{"line":38,"column":53}},"24":{"start":{"line":39,"column":4},"end":{"line":43,"column":5}},"25":{"start":{"line":40,"column":6},"end":{"line":40,"column":44}},"26":{"start":{"line":42,"column":6},"end":{"line":42,"column":56}},"27":{"start":{"line":46,"column":2},"end":{"line":48,"column":3}},"28":{"start":{"line":47,"column":4},"end":{"line":47,"column":69}},"29":{"start":{"line":50,"column":2},"end":{"line":50,"column":9}},"30":{"start":{"line":54,"column":0},"end":{"line":57,"column":4}},"31":{"start":{"line":60,"column":0},"end":{"line":109,"column":3}},"32":{"start":{"line":61,"column":2},"end":{"line":108,"column":3}},"33":{"start":{"line":63,"column":17},"end":{"line":63,"column":39}},"34":{"start":{"line":64,"column":4},"end":{"line":64,"column":31}},"35":{"start":{"line":67,"column":18},"end":{"line":73,"column":5}},"36":{"start":{"line":75,"column":4},"end":{"line":99,"column":7}},"37":{"start":{"line":101,"column":4},"end":{"line":101,"column":49}},"38":{"start":{"line":102,"column":4},"end":{"line":107,"column":7}},"39":{"start":{"line":112,"column":0},"end":{"line":112,"column":44}},"40":{"start":{"line":113,"column":0},"end":{"line":113,"column":43}},"41":{"start":{"line":114,"column":0},"end":{"line":114,"column":39}},"42":{"start":{"line":115,"column":0},"end":{"line":115,"column":39}},"43":{"start":{"line":116,"column":0},"end":{"line":116,"column":39}},"44":{"start":{"line":119,"column":0},"end":{"line":119,"column":41}},"45":{"start":{"line":120,"column":0},"end":{"line":120,"column":40}},"46":{"start":{"line":121,"column":0},"end":{"line":121,"column":36}},"47":{"start":{"line":122,"column":0},"end":{"line":122,"column":36}},"48":{"start":{"line":123,"column":0},"end":{"line":123,"column":36}},"49":{"start":{"line":126,"column":22},"end":{"line":126,"column":31}},"50":{"start":{"line":127,"column":19},"end":{"line":127,"column":22}},"51":{"start":{"line":128,"column":20},"end":{"line":128,"column":25}},"52":{"start":{"line":130,"column":0},"end":{"line":155,"column":3}},"53":{"start":{"line":131,"column":13},"end":{"line":131,"column":51}},"54":{"start":{"line":132,"column":14},"end":{"line":132,"column":24}},"55":{"start":{"line":134,"column":2},"end":{"line":152,"column":3}},"56":{"start":{"line":135,"column":4},"end":{"line":135,"column":70}},"57":{"start":{"line":137,"column":25},"end":{"line":137,"column":46}},"58":{"start":{"line":139,"column":4},"end":{"line":151,"column":5}},"59":{"start":{"line":140,"column":6},"end":{"line":140,"column":29}},"60":{"start":{"line":141,"column":6},"end":{"line":141,"column":49}},"61":{"start":{"line":143,"column":6},"end":{"line":143,"column":27}},"62":{"start":{"line":145,"column":6},"end":{"line":150,"column":7}},"63":{"start":{"line":146,"column":8},"end":{"line":149,"column":11}},"64":{"start":{"line":154,"column":2},"end":{"line":154,"column":9}},"65":{"start":{"line":158,"column":0},"end":{"line":177,"column":3}},"66":{"start":{"line":159,"column":2},"end":{"line":176,"column":5}},"67":{"start":{"line":180,"column":0},"end":{"line":182,"column":3}},"68":{"start":{"line":181,"column":2},"end":{"line":181,"column":61}},"69":{"start":{"line":185,"column":0},"end":{"line":236,"column":3}},"70":{"start":{"line":186,"column":20},"end":{"line":186,"column":44}},"71":{"start":{"line":187,"column":18},"end":{"line":187,"column":57}},"72":{"start":{"line":189,"column":2},"end":{"line":189,"column":60}},"73":{"start":{"line":192,"column":2},"end":{"line":194,"column":3}},"74":{"start":{"line":193,"column":4},"end":{"line":193,"column":50}},"75":{"start":{"line":197,"column":19},"end":{"line":197,"column":54}},"76":{"start":{"line":198,"column":16},"end":{"line":198,"column":39}},"77":{"start":{"line":201,"column":2},"end":{"line":216,"column":3}},"78":{"start":{"line":202,"column":4},"end":{"line":202,"column":21}},"79":{"start":{"line":203,"column":4},"end":{"line":203,"column":38}},"80":{"start":{"line":204,"column":9},"end":{"line":216,"column":3}},"81":{"start":{"line":205,"column":4},"end":{"line":205,"column":21}},"82":{"start":{"line":206,"column":4},"end":{"line":206,"column":44}},"83":{"start":{"line":207,"column":9},"end":{"line":216,"column":3}},"84":{"start":{"line":208,"column":4},"end":{"line":208,"column":21}},"85":{"start":{"line":209,"column":4},"end":{"line":209,"column":46}},"86":{"start":{"line":210,"column":9},"end":{"line":216,"column":3}},"87":{"start":{"line":211,"column":4},"end":{"line":211,"column":21}},"88":{"start":{"line":212,"column":4},"end":{"line":212,"column":47}},"89":{"start":{"line":213,"column":9},"end":{"line":216,"column":3}},"90":{"start":{"line":214,"column":4},"end":{"line":214,"column":21}},"91":{"start":{"line":215,"column":4},"end":{"line":215,"column":50}},"92":{"start":{"line":219,"column":2},"end":{"line":223,"column":3}},"93":{"start":{"line":220,"column":4},"end":{"line":220,"column":38}},"94":{"start":{"line":221,"column":9},"end":{"line":223,"column":3}},"95":{"start":{"line":222,"column":4},"end":{"line":222,"column":37}},"96":{"start":{"line":225,"column":2},"end":{"line":235,"column":5}},"97":{"start":{"line":239,"column":0},"end":{"line":245,"column":3}},"98":{"start":{"line":240,"column":2},"end":{"line":240,"column":44}},"99":{"start":{"line":241,"column":2},"end":{"line":241,"column":37}},"100":{"start":{"line":244,"column":2},"end":{"line":244,"column":18}},"101":{"start":{"line":248,"column":0},"end":{"line":254,"column":3}},"102":{"start":{"line":249,"column":2},"end":{"line":249,"column":52}},"103":{"start":{"line":250,"column":2},"end":{"line":250,"column":35}},"104":{"start":{"line":253,"column":2},"end":{"line":253,"column":18}},"105":{"start":{"line":257,"column":0},"end":{"line":270,"column":3}},"106":{"start":{"line":258,"column":2},"end":{"line":258,"column":63}},"107":{"start":{"line":261,"column":2},"end":{"line":267,"column":3}},"108":{"start":{"line":262,"column":17},"end":{"line":262,"column":39}},"109":{"start":{"line":263,"column":4},"end":{"line":263,"column":25}},"110":{"start":{"line":264,"column":4},"end":{"line":264,"column":48}},"111":{"start":{"line":266,"column":4},"end":{"line":266,"column":64}},"112":{"start":{"line":269,"column":2},"end":{"line":269,"column":18}},"113":{"start":{"line":272,"column":0},"end":{"line":285,"column":3}},"114":{"start":{"line":273,"column":2},"end":{"line":273,"column":62}},"115":{"start":{"line":276,"column":2},"end":{"line":282,"column":3}},"116":{"start":{"line":277,"column":17},"end":{"line":277,"column":39}},"117":{"start":{"line":278,"column":4},"end":{"line":278,"column":25}},"118":{"start":{"line":279,"column":4},"end":{"line":279,"column":48}},"119":{"start":{"line":281,"column":4},"end":{"line":281,"column":64}},"120":{"start":{"line":284,"column":2},"end":{"line":284,"column":18}},"121":{"start":{"line":287,"column":13},"end":{"line":287,"column":37}},"122":{"start":{"line":288,"column":13},"end":{"line":288,"column":44}},"123":{"start":{"line":290,"column":15},"end":{"line":299,"column":2}},"124":{"start":{"line":291,"column":2},"end":{"line":291,"column":53}},"125":{"start":{"line":292,"column":2},"end":{"line":292,"column":49}},"126":{"start":{"line":293,"column":2},"end":{"line":293,"column":66}},"127":{"start":{"line":294,"column":2},"end":{"line":294,"column":57}},"128":{"start":{"line":295,"column":2},"end":{"line":295,"column":51}},"129":{"start":{"line":296,"column":2},"end":{"line":296,"column":72}},"130":{"start":{"line":297,"column":2},"end":{"line":297,"column":58}},"131":{"start":{"line":298,"column":2},"end":{"line":298,"column":55}},"132":{"start":{"line":301,"column":0},"end":{"line":301,"column":24}}},"fnMap":{"0":{"name":"(anonymous_0)","decl":{"start":{"line":15,"column":8},"end":{"line":15,"column":9}},"loc":{"start":{"line":15,"column":28},"end":{"line":25,"column":1}},"line":15},"1":{"name":"(anonymous_1)","decl":{"start":{"line":28,"column":8},"end":{"line":28,"column":9}},"loc":{"start":{"line":28,"column":28},"end":{"line":51,"column":1}},"line":28},"2":{"name":"(anonymous_2)","decl":{"start":{"line":60,"column":23},"end":{"line":60,"column":24}},"loc":{"start":{"line":60,"column":43},"end":{"line":109,"column":1}},"line":60},"3":{"name":"(anonymous_3)","decl":{"start":{"line":130,"column":18},"end":{"line":130,"column":19}},"loc":{"start":{"line":130,"column":38},"end":{"line":155,"column":1}},"line":130},"4":{"name":"(anonymous_4)","decl":{"start":{"line":158,"column":18},"end":{"line":158,"column":19}},"loc":{"start":{"line":158,"column":32},"end":{"line":177,"column":1}},"line":158},"5":{"name":"(anonymous_5)","decl":{"start":{"line":180,"column":13},"end":{"line":180,"column":14}},"loc":{"start":{"line":180,"column":27},"end":{"line":182,"column":1}},"line":180},"6":{"name":"(anonymous_6)","decl":{"start":{"line":185,"column":8},"end":{"line":185,"column":9}},"loc":{"start":{"line":185,"column":33},"end":{"line":236,"column":1}},"line":185},"7":{"name":"(anonymous_7)","decl":{"start":{"line":239,"column":32},"end":{"line":239,"column":33}},"loc":{"start":{"line":239,"column":41},"end":{"line":245,"column":1}},"line":239},"8":{"name":"(anonymous_8)","decl":{"start":{"line":248,"column":33},"end":{"line":248,"column":34}},"loc":{"start":{"line":248,"column":54},"end":{"line":254,"column":1}},"line":248},"9":{"name":"(anonymous_9)","decl":{"start":{"line":257,"column":22},"end":{"line":257,"column":23}},"loc":{"start":{"line":257,"column":34},"end":{"line":270,"column":1}},"line":257},"10":{"name":"(anonymous_10)","decl":{"start":{"line":272,"column":21},"end":{"line":272,"column":22}},"loc":{"start":{"line":272,"column":33},"end":{"line":285,"column":1}},"line":272},"11":{"name":"(anonymous_11)","decl":{"start":{"line":290,"column":38},"end":{"line":290,"column":39}},"loc":{"start":{"line":290,"column":44},"end":{"line":299,"column":1}},"line":290}},"branchMap":{"0":{"loc":{"start":{"line":20,"column":2},"end":{"line":24,"column":3}},"type":"if","locations":[{"start":{"line":20,"column":2},"end":{"line":24,"column":3}},{"start":{"line":22,"column":9},"end":{"line":24,"column":3}}],"line":20},"1":{"loc":{"start":{"line":32,"column":13},"end":{"line":32,"column":51}},"type":"binary-expr","locations":[{"start":{"line":32,"column":13},"end":{"line":32,"column":19}},{"start":{"line":32,"column":23},"end":{"line":32,"column":51}}],"line":32},"2":{"loc":{"start":{"line":37,"column":2},"end":{"line":44,"column":3}},"type":"if","locations":[{"start":{"line":37,"column":2},"end":{"line":44,"column":3}},{"start":{},"end":{}}],"line":37},"3":{"loc":{"start":{"line":37,"column":6},"end":{"line":37,"column":93}},"type":"binary-expr","locations":[{"start":{"line":37,"column":7},"end":{"line":37,"column":24}},{"start":{"line":37,"column":28},"end":{"line":37,"column":44}},{"start":{"line":37,"column":49},"end":{"line":37,"column":57}},{"start":{"line":37,"column":61},"end":{"line":37,"column":93}}],"line":37},"4":{"loc":{"start":{"line":39,"column":4},"end":{"line":43,"column":5}},"type":"if","locations":[{"start":{"line":39,"column":4},"end":{"line":43,"column":5}},{"start":{"line":41,"column":11},"end":{"line":43,"column":5}}],"line":39},"5":{"loc":{"start":{"line":46,"column":2},"end":{"line":48,"column":3}},"type":"if","locations":[{"start":{"line":46,"column":2},"end":{"line":48,"column":3}},{"start":{},"end":{}}],"line":46},"6":{"loc":{"start":{"line":46,"column":6},"end":{"line":46,"column":52}},"type":"binary-expr","locations":[{"start":{"line":46,"column":6},"end":{"line":46,"column":15}},{"start":{"line":46,"column":19},"end":{"line":46,"column":52}}],"line":46},"7":{"loc":{"start":{"line":81,"column":19},"end":{"line":81,"column":56}},"type":"binary-expr","locations":[{"start":{"line":81,"column":19},"end":{"line":81,"column":39}},{"start":{"line":81,"column":43},"end":{"line":81,"column":56}}],"line":81},"8":{"loc":{"start":{"line":131,"column":13},"end":{"line":131,"column":51}},"type":"binary-expr","locations":[{"start":{"line":131,"column":13},"end":{"line":131,"column":19}},{"start":{"line":131,"column":23},"end":{"line":131,"column":51}}],"line":131},"9":{"loc":{"start":{"line":134,"column":2},"end":{"line":152,"column":3}},"type":"if","locations":[{"start":{"line":134,"column":2},"end":{"line":152,"column":3}},{"start":{"line":136,"column":9},"end":{"line":152,"column":3}}],"line":134},"10":{"loc":{"start":{"line":139,"column":4},"end":{"line":151,"column":5}},"type":"if","locations":[{"start":{"line":139,"column":4},"end":{"line":151,"column":5}},{"start":{"line":142,"column":11},"end":{"line":151,"column":5}}],"line":139},"11":{"loc":{"start":{"line":145,"column":6},"end":{"line":150,"column":7}},"type":"if","locations":[{"start":{"line":145,"column":6},"end":{"line":150,"column":7}},{"start":{},"end":{}}],"line":145},"12":{"loc":{"start":{"line":192,"column":2},"end":{"line":194,"column":3}},"type":"if","locations":[{"start":{"line":192,"column":2},"end":{"line":194,"column":3}},{"start":{},"end":{}}],"line":192},"13":{"loc":{"start":{"line":197,"column":19},"end":{"line":197,"column":54}},"type":"binary-expr","locations":[{"start":{"line":197,"column":19},"end":{"line":197,"column":29}},{"start":{"line":197,"column":33},"end":{"line":197,"column":47}},{"start":{"line":197,"column":51},"end":{"line":197,"column":54}}],"line":197},"14":{"loc":{"start":{"line":201,"column":2},"end":{"line":216,"column":3}},"type":"if","locations":[{"start":{"line":201,"column":2},"end":{"line":216,"column":3}},{"start":{"line":204,"column":9},"end":{"line":216,"column":3}}],"line":201},"15":{"loc":{"start":{"line":204,"column":9},"end":{"line":216,"column":3}},"type":"if","locations":[{"start":{"line":204,"column":9},"end":{"line":216,"column":3}},{"start":{"line":207,"column":9},"end":{"line":216,"column":3}}],"line":204},"16":{"loc":{"start":{"line":207,"column":9},"end":{"line":216,"column":3}},"type":"if","locations":[{"start":{"line":207,"column":9},"end":{"line":216,"column":3}},{"start":{"line":210,"column":9},"end":{"line":216,"column":3}}],"line":207},"17":{"loc":{"start":{"line":210,"column":9},"end":{"line":216,"column":3}},"type":"if","locations":[{"start":{"line":210,"column":9},"end":{"line":216,"column":3}},{"start":{"line":213,"column":9},"end":{"line":216,"column":3}}],"line":210},"18":{"loc":{"start":{"line":213,"column":9},"end":{"line":216,"column":3}},"type":"if","locations":[{"start":{"line":213,"column":9},"end":{"line":216,"column":3}},{"start":{},"end":{}}],"line":213},"19":{"loc":{"start":{"line":219,"column":2},"end":{"line":223,"column":3}},"type":"if","locations":[{"start":{"line":219,"column":2},"end":{"line":223,"column":3}},{"start":{"line":221,"column":9},"end":{"line":223,"column":3}}],"line":219},"20":{"loc":{"start":{"line":219,"column":6},"end":{"line":219,"column":65}},"type":"binary-expr","locations":[{"start":{"line":219,"column":6},"end":{"line":219,"column":43}},{"start":{"line":219,"column":47},"end":{"line":219,"column":65}}],"line":219},"21":{"loc":{"start":{"line":221,"column":9},"end":{"line":223,"column":3}},"type":"if","locations":[{"start":{"line":221,"column":9},"end":{"line":223,"column":3}},{"start":{},"end":{}}],"line":221},"22":{"loc":{"start":{"line":222,"column":14},"end":{"line":222,"column":36}},"type":"binary-expr","locations":[{"start":{"line":222,"column":14},"end":{"line":222,"column":25}},{"start":{"line":222,"column":29},"end":{"line":222,"column":36}}],"line":222},"23":{"loc":{"start":{"line":231,"column":8},"end":{"line":234,"column":5}},"type":"binary-expr","locations":[{"start":{"line":231,"column":8},"end":{"line":231,"column":45}},{"start":{"line":231,"column":49},"end":{"line":234,"column":5}}],"line":231},"24":{"loc":{"start":{"line":287,"column":13},"end":{"line":287,"column":37}},"type":"binary-expr","locations":[{"start":{"line":287,"column":13},"end":{"line":287,"column":29}},{"start":{"line":287,"column":33},"end":{"line":287,"column":37}}],"line":287},"25":{"loc":{"start":{"line":288,"column":13},"end":{"line":288,"column":44}},"type":"binary-expr","locations":[{"start":{"line":288,"column":13},"end":{"line":288,"column":29}},{"start":{"line":288,"column":33},"end":{"line":288,"column":44}}],"line":288},"26":{"loc":{"start":{"line":296,"column":31},"end":{"line":296,"column":68}},"type":"binary-expr","locations":[{"start":{"line":296,"column":31},"end":{"line":296,"column":51}},{"start":{"line":296,"column":55},"end":{"line":296,"column":68}}],"line":296}},"s":{"0":0,"1":0,"2":0,"3":0,"4":0,"5":0,"6":0,"7":0,"8":0,"9":0,"10":0,"11":0,"12":0,"13":0,"14":0,"15":0,"16":0,"17":0,"18":0,"19":0,"20":0,"21":0,"22":0,"23":0,"24":0,"25":0,"26":0,"27":0,"28":0,"29":0,"30":0,"31":0,"32":0,"33":0,"34":0,"35":0,"36":0,"37":0,"38":0,"39":0,"40":0,"41":0,"42":0,"43":0,"44":0,"45":0,"46":0,"47":0,"48":0,"49":0,"50":0,"51":0,"52":0,"53":0,"54":0,"55":0,"56":0,"57":0,"58":0,"59":0,"60":0,"61":0,"62":0,"63":0,"64":0,"65":0,"66":0,"67":0,"68":0,"69":0,"70":0,"71":0,"72":0,"73":0,"74":0,"75":0,"76":0,"77":0,"78":0,"79":0,"80":0,"81":0,"82":0,"83":0,"84":0,"85":0,"86":0,"87":0,"88":0,"89":0,"90":0,"91":0,"92":0,"93":0,"94":0,"95":0,"96":0,"97":0,"98":0,"99":0,"100":0,"101":0,"102":0,"103":0,"104":0,"105":0,"106":0,"107":0,"108":0,"109":0,"110":0,"111":0,"112":0,"113":0,"114":0,"115":0,"116":0,"117":0,"118":0,"119":0,"120":0,"121":0,"122":0,"123":0,"124":0,"125":0,"126":0,"127":0,"128":0,"129":0,"130":0,"131":0,"132":0},"f":{"0":0,"1":0,"2":0,"3":0,"4":0,"5":0,"6":0,"7":0,"8":0,"9":0,"10":0,"11":0},"b":{"0":[0,0],"1":[0,0],"2":[0,0],"3":[0,0,0,0],"4":[0,0],"5":[0,0],"6":[0,0],"7":[0,0],"8":[0,0],"9":[0,0],"10":[0,0],"11":[0,0],"12":[0,0],"13":[0,0,0],"14":[0,0],"15":[0,0],"16":[0,0],"17":[0,0],"18":[0,0],"19":[0,0],"20":[0,0],"21":[0,0],"22":[0,0],"23":[0,0],"24":[0,0],"25":[0,0],"26":[0,0]}}
,"/Users/wiktoriasakowska/Documents/horse-pedigree-api/horse-pedigree-api/src/config/db-test.js": {"path":"/Users/wiktoriasakowska/Documents/horse-pedigree-api/horse-pedigree-api/src/config/db-test.js","statementMap":{"0":{"start":{"line":2,"column":13},"end":{"line":2,"column":28}},"1":{"start":{"line":5,"column":21},"end":{"line":15,"column":2}},"2":{"start":{"line":17,"column":0},"end":{"line":17,"column":30}}},"fnMap":{},"branchMap":{"0":{"loc":{"start":{"line":5,"column":21},"end":{"line":15,"column":2}},"type":"binary-expr","locations":[{"start":{"line":5,"column":21},"end":{"line":5,"column":36}},{"start":{"line":5,"column":40},"end":{"line":15,"column":2}}],"line":5}},"s":{"0":0,"1":0,"2":0},"f":{},"b":{"0":[0,0]}}
,"/Users/wiktoriasakowska/Documents/horse-pedigree-api/horse-pedigree-api/src/config/db.js": {"path":"/Users/wiktoriasakowska/Documents/horse-pedigree-api/horse-pedigree-api/src/config/db.js","statementMap":{"0":{"start":{"line":1,"column":13},"end":{"line":1,"column":28}},"1":{"start":{"line":2,"column":15},"end":{"line":2,"column":40}},"2":{"start":{"line":4,"column":21},"end":{"line":7,"column":2}},"3":{"start":{"line":9,"column":0},"end":{"line":9,"column":30}}},"fnMap":{},"branchMap":{},"s":{"0":0,"1":0,"2":0,"3":0},"f":{},"b":{}}
,"/Users/wiktoriasakowska/Documents/horse-pedigree-api/horse-pedigree-api/src/controllers/breedController.js": {"path":"/Users/wiktoriasakowska/Documents/horse-pedigree-api/horse-pedigree-api/src/controllers/breedController.js","statementMap":{"0":{"start":{"line":1,"column":13},"end":{"line":1,"column":36}},"1":{"start":{"line":2,"column":12},"end":{"line":2,"column":26}},"2":{"start":{"line":4,"column":20},"end":{"line":6,"column":2}},"3":{"start":{"line":8,"column":0},"end":{"line":15,"column":2}},"4":{"start":{"line":9,"column":2},"end":{"line":14,"column":3}},"5":{"start":{"line":10,"column":19},"end":{"line":10,"column":51}},"6":{"start":{"line":11,"column":4},"end":{"line":11,"column":21}},"7":{"start":{"line":13,"column":4},"end":{"line":13,"column":51}},"8":{"start":{"line":17,"column":0},"end":{"line":27,"column":2}},"9":{"start":{"line":18,"column":20},"end":{"line":18,"column":50}},"10":{"start":{"line":19,"column":2},"end":{"line":19,"column":78}},"11":{"start":{"line":19,"column":13},"end":{"line":19,"column":78}},"12":{"start":{"line":21,"column":2},"end":{"line":26,"column":3}},"13":{"start":{"line":22,"column":20},"end":{"line":22,"column":72}},"14":{"start":{"line":23,"column":4},"end":{"line":23,"column":32}},"15":{"start":{"line":25,"column":4},"end":{"line":25,"column":51}},"16":{"start":{"line":29,"column":0},"end":{"line":43,"column":2}},"17":{"start":{"line":30,"column":20},"end":{"line":30,"column":50}},"18":{"start":{"line":31,"column":2},"end":{"line":31,"column":78}},"19":{"start":{"line":31,"column":13},"end":{"line":31,"column":78}},"20":{"start":{"line":33,"column":2},"end":{"line":42,"column":3}},"21":{"start":{"line":34,"column":20},"end":{"line":37,"column":21}},"22":{"start":{"line":38,"column":4},"end":{"line":38,"column":74}},"23":{"start":{"line":38,"column":16},"end":{"line":38,"column":74}},"24":{"start":{"line":39,"column":4},"end":{"line":39,"column":20}},"25":{"start":{"line":41,"column":4},"end":{"line":41,"column":51}},"26":{"start":{"line":45,"column":0},"end":{"line":53,"column":2}},"27":{"start":{"line":46,"column":2},"end":{"line":52,"column":3}},"28":{"start":{"line":47,"column":20},"end":{"line":47,"column":75}},"29":{"start":{"line":48,"column":4},"end":{"line":48,"column":76}},"30":{"start":{"line":48,"column":18},"end":{"line":48,"column":76}},"31":{"start":{"line":49,"column":4},"end":{"line":49,"column":27}},"32":{"start":{"line":51,"column":4},"end":{"line":51,"column":51}}},"fnMap":{"0":{"name":"(anonymous_0)","decl":{"start":{"line":8,"column":23},"end":{"line":8,"column":24}},"loc":{"start":{"line":8,"column":43},"end":{"line":15,"column":1}},"line":8},"1":{"name":"(anonymous_1)","decl":{"start":{"line":17,"column":22},"end":{"line":17,"column":23}},"loc":{"start":{"line":17,"column":42},"end":{"line":27,"column":1}},"line":17},"2":{"name":"(anonymous_2)","decl":{"start":{"line":29,"column":22},"end":{"line":29,"column":23}},"loc":{"start":{"line":29,"column":42},"end":{"line":43,"column":1}},"line":29},"3":{"name":"(anonymous_3)","decl":{"start":{"line":45,"column":22},"end":{"line":45,"column":23}},"loc":{"start":{"line":45,"column":42},"end":{"line":53,"column":1}},"line":45}},"branchMap":{"0":{"loc":{"start":{"line":19,"column":2},"end":{"line":19,"column":78}},"type":"if","locations":[{"start":{"line":19,"column":2},"end":{"line":19,"column":78}},{"start":{},"end":{}}],"line":19},"1":{"loc":{"start":{"line":31,"column":2},"end":{"line":31,"column":78}},"type":"if","locations":[{"start":{"line":31,"column":2},"end":{"line":31,"column":78}},{"start":{},"end":{}}],"line":31},"2":{"loc":{"start":{"line":38,"column":4},"end":{"line":38,"column":74}},"type":"if","locations":[{"start":{"line":38,"column":4},"end":{"line":38,"column":74}},{"start":{},"end":{}}],"line":38},"3":{"loc":{"start":{"line":48,"column":4},"end":{"line":48,"column":76}},"type":"if","locations":[{"start":{"line":48,"column":4},"end":{"line":48,"column":76}},{"start":{},"end":{}}],"line":48}},"s":{"0":1,"1":1,"2":1,"3":1,"4":1,"5":1,"6":0,"7":1,"8":1,"9":2,"10":2,"11":1,"12":1,"13":1,"14":0,"15":1,"16":1,"17":0,"18":0,"19":0,"20":0,"21":0,"22":0,"23":0,"24":0,"25":0,"26":1,"27":0,"28":0,"29":0,"30":0,"31":0,"32":0},"f":{"0":1,"1":2,"2":0,"3":0},"b":{"0":[1,1],"1":[0,0],"2":[0,0],"3":[0,0]},"_coverageSchema":"1a1c01bbd47fc00a2c39e90264f33305004495a9","hash":"7da647493f1b1921b658890bfd0e2376caf05f6e"}
,"/Users/wiktoriasakowska/Documents/horse-pedigree-api/horse-pedigree-api/src/controllers/breederController.js": {"path":"/Users/wiktoriasakowska/Documents/horse-pedigree-api/horse-pedigree-api/src/controllers/breederController.js","statementMap":{"0":{"start":{"line":1,"column":13},"end":{"line":1,"column":36}},"1":{"start":{"line":2,"column":12},"end":{"line":2,"column":26}},"2":{"start":{"line":4,"column":22},"end":{"line":7,"column":2}},"3":{"start":{"line":9,"column":0},"end":{"line":16,"column":2}},"4":{"start":{"line":10,"column":2},"end":{"line":15,"column":3}},"5":{"start":{"line":11,"column":21},"end":{"line":11,"column":55}},"6":{"start":{"line":12,"column":4},"end":{"line":12,"column":23}},"7":{"start":{"line":14,"column":4},"end":{"line":14,"column":51}},"8":{"start":{"line":18,"column":0},"end":{"line":34,"column":2}},"9":{"start":{"line":19,"column":20},"end":{"line":19,"column":52}},"10":{"start":{"line":20,"column":2},"end":{"line":20,"column":78}},"11":{"start":{"line":20,"column":13},"end":{"line":20,"column":78}},"12":{"start":{"line":23,"column":24},"end":{"line":23,"column":92}},"13":{"start":{"line":24,"column":2},"end":{"line":26,"column":3}},"14":{"start":{"line":25,"column":4},"end":{"line":25,"column":88}},"15":{"start":{"line":28,"column":2},"end":{"line":33,"column":3}},"16":{"start":{"line":29,"column":22},"end":{"line":29,"column":76}},"17":{"start":{"line":30,"column":4},"end":{"line":30,"column":34}},"18":{"start":{"line":32,"column":4},"end":{"line":32,"column":51}},"19":{"start":{"line":36,"column":0},"end":{"line":56,"column":2}},"20":{"start":{"line":37,"column":20},"end":{"line":37,"column":52}},"21":{"start":{"line":38,"column":2},"end":{"line":38,"column":78}},"22":{"start":{"line":38,"column":13},"end":{"line":38,"column":78}},"23":{"start":{"line":41,"column":24},"end":{"line":41,"column":92}},"24":{"start":{"line":42,"column":2},"end":{"line":44,"column":3}},"25":{"start":{"line":43,"column":4},"end":{"line":43,"column":88}},"26":{"start":{"line":46,"column":2},"end":{"line":55,"column":3}},"27":{"start":{"line":47,"column":22},"end":{"line":50,"column":21}},"28":{"start":{"line":51,"column":4},"end":{"line":51,"column":78}},"29":{"start":{"line":51,"column":18},"end":{"line":51,"column":78}},"30":{"start":{"line":52,"column":4},"end":{"line":52,"column":22}},"31":{"start":{"line":54,"column":4},"end":{"line":54,"column":51}},"32":{"start":{"line":58,"column":0},"end":{"line":66,"column":2}},"33":{"start":{"line":59,"column":2},"end":{"line":65,"column":3}},"34":{"start":{"line":60,"column":20},"end":{"line":60,"column":77}},"35":{"start":{"line":61,"column":4},"end":{"line":61,"column":78}},"36":{"start":{"line":61,"column":18},"end":{"line":61,"column":78}},"37":{"start":{"line":62,"column":4},"end":{"line":62,"column":27}},"38":{"start":{"line":64,"column":4},"end":{"line":64,"column":51}}},"fnMap":{"0":{"name":"(anonymous_0)","decl":{"start":{"line":9,"column":25},"end":{"line":9,"column":26}},"loc":{"start":{"line":9,"column":45},"end":{"line":16,"column":1}},"line":9},"1":{"name":"(anonymous_1)","decl":{"start":{"line":18,"column":24},"end":{"line":18,"column":25}},"loc":{"start":{"line":18,"column":44},"end":{"line":34,"column":1}},"line":18},"2":{"name":"(anonymous_2)","decl":{"start":{"line":36,"column":24},"end":{"line":36,"column":25}},"loc":{"start":{"line":36,"column":44},"end":{"line":56,"column":1}},"line":36},"3":{"name":"(anonymous_3)","decl":{"start":{"line":58,"column":24},"end":{"line":58,"column":25}},"loc":{"start":{"line":58,"column":44},"end":{"line":66,"column":1}},"line":58}},"branchMap":{"0":{"loc":{"start":{"line":20,"column":2},"end":{"line":20,"column":78}},"type":"if","locations":[{"start":{"line":20,"column":2},"end":{"line":20,"column":78}},{"start":{},"end":{}}],"line":20},"1":{"loc":{"start":{"line":24,"column":2},"end":{"line":26,"column":3}},"type":"if","locations":[{"start":{"line":24,"column":2},"end":{"line":26,"column":3}},{"start":{},"end":{}}],"line":24},"2":{"loc":{"start":{"line":38,"column":2},"end":{"line":38,"column":78}},"type":"if","locations":[{"start":{"line":38,"column":2},"end":{"line":38,"column":78}},{"start":{},"end":{}}],"line":38},"3":{"loc":{"start":{"line":42,"column":2},"end":{"line":44,"column":3}},"type":"if","locations":[{"start":{"line":42,"column":2},"end":{"line":44,"column":3}},{"start":{},"end":{}}],"line":42},"4":{"loc":{"start":{"line":51,"column":4},"end":{"line":51,"column":78}},"type":"if","locations":[{"start":{"line":51,"column":4},"end":{"line":51,"column":78}},{"start":{},"end":{}}],"line":51},"5":{"loc":{"start":{"line":61,"column":4},"end":{"line":61,"column":78}},"type":"if","locations":[{"start":{"line":61,"column":4},"end":{"line":61,"column":78}},{"start":{},"end":{}}],"line":61}},"s":{"0":1,"1":1,"2":1,"3":1,"4":1,"5":1,"6":0,"7":1,"8":1,"9":2,"10":2,"11":0,"12":2,"13":0,"14":0,"15":0,"16":0,"17":0,"18":0,"19":1,"20":0,"21":0,"22":0,"23":0,"24":0,"25":0,"26":0,"27":0,"28":0,"29":0,"30":0,"31":0,"32":1,"33":0,"34":0,"35":0,"36":0,"37":0,"38":0},"f":{"0":1,"1":2,"2":0,"3":0},"b":{"0":[0,2],"1":[0,0],"2":[0,0],"3":[0,0],"4":[0,0],"5":[0,0]},"_coverageSchema":"1a1c01bbd47fc00a2c39e90264f33305004495a9","hash":"fe389431b0d2038367d5938c5b7a7eee8ceeba0c"}
,"/Users/wiktoriasakowska/Documents/horse-pedigree-api/horse-pedigree-api/src/controllers/colorController.js": {"path":"/Users/wiktoriasakowska/Documents/horse-pedigree-api/horse-pedigree-api/src/controllers/colorController.js","statementMap":{"0":{"start":{"line":1,"column":13},"end":{"line":1,"column":36}},"1":{"start":{"line":2,"column":12},"end":{"line":2,"column":26}},"2":{"start":{"line":4,"column":20},"end":{"line":6,"column":2}},"3":{"start":{"line":8,"column":0},"end":{"line":15,"column":2}},"4":{"start":{"line":9,"column":2},"end":{"line":14,"column":3}},"5":{"start":{"line":10,"column":19},"end":{"line":10,"column":51}},"6":{"start":{"line":11,"column":4},"end":{"line":11,"column":21}},"7":{"start":{"line":13,"column":4},"end":{"line":13,"column":51}},"8":{"start":{"line":17,"column":0},"end":{"line":27,"column":2}},"9":{"start":{"line":18,"column":20},"end":{"line":18,"column":50}},"10":{"start":{"line":19,"column":2},"end":{"line":19,"column":78}},"11":{"start":{"line":19,"column":13},"end":{"line":19,"column":78}},"12":{"start":{"line":21,"column":2},"end":{"line":26,"column":3}},"13":{"start":{"line":22,"column":20},"end":{"line":22,"column":72}},"14":{"start":{"line":23,"column":4},"end":{"line":23,"column":32}},"15":{"start":{"line":25,"column":4},"end":{"line":25,"column":51}},"16":{"start":{"line":29,"column":0},"end":{"line":43,"column":2}},"17":{"start":{"line":30,"column":20},"end":{"line":30,"column":50}},"18":{"start":{"line":31,"column":2},"end":{"line":31,"column":78}},"19":{"start":{"line":31,"column":13},"end":{"line":31,"column":78}},"20":{"start":{"line":33,"column":2},"end":{"line":42,"column":3}},"21":{"start":{"line":34,"column":20},"end":{"line":37,"column":21}},"22":{"start":{"line":38,"column":4},"end":{"line":38,"column":74}},"23":{"start":{"line":38,"column":16},"end":{"line":38,"column":74}},"24":{"start":{"line":39,"column":4},"end":{"line":39,"column":20}},"25":{"start":{"line":41,"column":4},"end":{"line":41,"column":51}},"26":{"start":{"line":45,"column":0},"end":{"line":53,"column":2}},"27":{"start":{"line":46,"column":2},"end":{"line":52,"column":3}},"28":{"start":{"line":47,"column":20},"end":{"line":47,"column":75}},"29":{"start":{"line":48,"column":4},"end":{"line":48,"column":76}},"30":{"start":{"line":48,"column":18},"end":{"line":48,"column":76}},"31":{"start":{"line":49,"column":4},"end":{"line":49,"column":27}},"32":{"start":{"line":51,"column":4},"end":{"line":51,"column":51}}},"fnMap":{"0":{"name":"(anonymous_0)","decl":{"start":{"line":8,"column":23},"end":{"line":8,"column":24}},"loc":{"start":{"line":8,"column":43},"end":{"line":15,"column":1}},"line":8},"1":{"name":"(anonymous_1)","decl":{"start":{"line":17,"column":22},"end":{"line":17,"column":23}},"loc":{"start":{"line":17,"column":42},"end":{"line":27,"column":1}},"line":17},"2":{"name":"(anonymous_2)","decl":{"start":{"line":29,"column":22},"end":{"line":29,"column":23}},"loc":{"start":{"line":29,"column":42},"end":{"line":43,"column":1}},"line":29},"3":{"name":"(anonymous_3)","decl":{"start":{"line":45,"column":22},"end":{"line":45,"column":23}},"loc":{"start":{"line":45,"column":42},"end":{"line":53,"column":1}},"line":45}},"branchMap":{"0":{"loc":{"start":{"line":19,"column":2},"end":{"line":19,"column":78}},"type":"if","locations":[{"start":{"line":19,"column":2},"end":{"line":19,"column":78}},{"start":{},"end":{}}],"line":19},"1":{"loc":{"start":{"line":31,"column":2},"end":{"line":31,"column":78}},"type":"if","locations":[{"start":{"line":31,"column":2},"end":{"line":31,"column":78}},{"start":{},"end":{}}],"line":31},"2":{"loc":{"start":{"line":38,"column":4},"end":{"line":38,"column":74}},"type":"if","locations":[{"start":{"line":38,"column":4},"end":{"line":38,"column":74}},{"start":{},"end":{}}],"line":38},"3":{"loc":{"start":{"line":48,"column":4},"end":{"line":48,"column":76}},"type":"if","locations":[{"start":{"line":48,"column":4},"end":{"line":48,"column":76}},{"start":{},"end":{}}],"line":48}},"s":{"0":1,"1":1,"2":1,"3":1,"4":1,"5":1,"6":0,"7":1,"8":1,"9":1,"10":1,"11":0,"12":1,"13":1,"14":0,"15":1,"16":1,"17":0,"18":0,"19":0,"20":0,"21":0,"22":0,"23":0,"24":0,"25":0,"26":1,"27":0,"28":0,"29":0,"30":0,"31":0,"32":0},"f":{"0":1,"1":1,"2":0,"3":0},"b":{"0":[0,1],"1":[0,0],"2":[0,0],"3":[0,0]},"_coverageSchema":"1a1c01bbd47fc00a2c39e90264f33305004495a9","hash":"c0ff8e9816130af45669900f005696944b8c8554"}
,"/Users/wiktoriasakowska/Documents/horse-pedigree-api/horse-pedigree-api/src/controllers/countryController.js": {"path":"/Users/wiktoriasakowska/Documents/horse-pedigree-api/horse-pedigree-api/src/controllers/countryController.js","statementMap":{"0":{"start":{"line":1,"column":13},"end":{"line":1,"column":36}},"1":{"start":{"line":2,"column":12},"end":{"line":2,"column":26}},"2":{"start":{"line":4,"column":22},"end":{"line":7,"column":2}},"3":{"start":{"line":9,"column":0},"end":{"line":16,"column":2}},"4":{"start":{"line":10,"column":2},"end":{"line":15,"column":3}},"5":{"start":{"line":11,"column":22},"end":{"line":11,"column":57}},"6":{"start":{"line":12,"column":4},"end":{"line":12,"column":24}},"7":{"start":{"line":14,"column":4},"end":{"line":14,"column":51}},"8":{"start":{"line":18,"column":0},"end":{"line":28,"column":2}},"9":{"start":{"line":19,"column":20},"end":{"line":19,"column":52}},"10":{"start":{"line":20,"column":2},"end":{"line":20,"column":78}},"11":{"start":{"line":20,"column":13},"end":{"line":20,"column":78}},"12":{"start":{"line":22,"column":2},"end":{"line":27,"column":3}},"13":{"start":{"line":23,"column":22},"end":{"line":23,"column":77}},"14":{"start":{"line":24,"column":4},"end":{"line":24,"column":34}},"15":{"start":{"line":26,"column":4},"end":{"line":26,"column":51}},"16":{"start":{"line":30,"column":0},"end":{"line":44,"column":2}},"17":{"start":{"line":31,"column":20},"end":{"line":31,"column":52}},"18":{"start":{"line":32,"column":2},"end":{"line":32,"column":78}},"19":{"start":{"line":32,"column":13},"end":{"line":32,"column":78}},"20":{"start":{"line":34,"column":2},"end":{"line":43,"column":3}},"21":{"start":{"line":35,"column":22},"end":{"line":38,"column":21}},"22":{"start":{"line":39,"column":4},"end":{"line":39,"column":78}},"23":{"start":{"line":39,"column":18},"end":{"line":39,"column":78}},"24":{"start":{"line":40,"column":4},"end":{"line":40,"column":22}},"25":{"start":{"line":42,"column":4},"end":{"line":42,"column":51}},"26":{"start":{"line":46,"column":0},"end":{"line":54,"column":2}},"27":{"start":{"line":47,"column":2},"end":{"line":53,"column":3}},"28":{"start":{"line":48,"column":20},"end":{"line":48,"column":82}},"29":{"start":{"line":49,"column":4},"end":{"line":49,"column":78}},"30":{"start":{"line":49,"column":18},"end":{"line":49,"column":78}},"31":{"start":{"line":50,"column":4},"end":{"line":50,"column":27}},"32":{"start":{"line":52,"column":4},"end":{"line":52,"column":51}}},"fnMap":{"0":{"name":"(anonymous_0)","decl":{"start":{"line":9,"column":26},"end":{"line":9,"column":27}},"loc":{"start":{"line":9,"column":46},"end":{"line":16,"column":1}},"line":9},"1":{"name":"(anonymous_1)","decl":{"start":{"line":18,"
[...]
,"end":{"line":93,"column":18}},"41":{"start":{"line":96,"column":16},"end":{"line":96,"column":42}},"42":{"start":{"line":97,"column":19},"end":{"line":97,"column":34}},"43":{"start":{"line":99,"column":4},"end":{"line":102,"column":5}},"44":{"start":{"line":100,"column":6},"end":{"line":100,"column":85}},"45":{"start":{"line":101,"column":6},"end":{"line":101,"column":18}},"46":{"start":{"line":104,"column":4},"end":{"line":104,"column":75}},"47":{"start":{"line":105,"column":4},"end":{"line":105,"column":18}},"48":{"start":{"line":107,"column":4},"end":{"line":107,"column":58}},"49":{"start":{"line":108,"column":4},"end":{"line":108,"column":16}},"50":{"start":{"line":113,"column":0},"end":{"line":156,"column":2}},"51":{"start":{"line":114,"column":2},"end":{"line":114,"column":29}},"52":{"start":{"line":114,"column":17},"end":{"line":114,"column":29}},"53":{"start":{"line":115,"column":2},"end":{"line":118,"column":3}},"54":{"start":{"line":116,"column":4},"end":{"line":116,"column":71}},"55":{"start":{"line":117,"column":4},"end":{"line":117,"column":16}},"56":{"start":{"line":120,"column":2},"end":{"line":155,"column":3}},"57":{"start":{"line":121,"column":18},"end":{"line":124,"column":14}},"58":{"start":{"line":126,"column":4},"end":{"line":126,"column":28}},"59":{"start":{"line":126,"column":16},"end":{"line":126,"column":28}},"60":{"start":{"line":129,"column":18},"end":{"line":129,"column":91}},"61":{"start":{"line":130,"column":4},"end":{"line":130,"column":44}},"62":{"start":{"line":132,"column":4},"end":{"line":132,"column":34}},"63":{"start":{"line":132,"column":21},"end":{"line":132,"column":34}},"64":{"start":{"line":135,"column":26},"end":{"line":135,"column":45}},"65":{"start":{"line":136,"column":4},"end":{"line":136,"column":31}},"66":{"start":{"line":139,"column":4},"end":{"line":143,"column":5}},"67":{"start":{"line":140,"column":6},"end":{"line":140,"column":92}},"68":{"start":{"line":142,"column":6},"end":{"line":142,"column":24}},"69":{"start":{"line":145,"column":4},"end":{"line":149,"column":5}},"70":{"start":{"line":146,"column":6},"end":{"line":146,"column":90}},"71":{"start":{"line":148,"column":6},"end":{"line":148,"column":23}},"72":{"start":{"line":151,"column":4},"end":{"line":151,"column":17}},"73":{"start":{"line":153,"column":4},"end":{"line":153,"column":62}},"74":{"start":{"line":154,"column":4},"end":{"line":154,"column":16}},"75":{"start":{"line":159,"column":0},"end":{"line":194,"column":2}},"76":{"start":{"line":160,"column":58},"end":{"line":160,"column":65}},"77":{"start":{"line":162,"column":2},"end":{"line":193,"column":3}},"78":{"start":{"line":163,"column":16},"end":{"line":166,"column":8}},"79":{"start":{"line":165,"column":8},"end":{"line":165,"column":70}},"80":{"start":{"line":169,"column":4},"end":{"line":171,"column":5}},"81":{"start":{"line":170,"column":6},"end":{"line":170,"column":41}},"82":{"start":{"line":173,"column":4},"end":{"line":175,"column":5}},"83":{"start":{"line":174,"column":6},"end":{"line":174,"column":67}},"84":{"start":{"line":178,"column":4},"end":{"line":178,"column":46}},"85":{"start":{"line":180,"column":19},"end":{"line":183,"column":35}},"86":{"start":{"line":185,"column":4},"end":{"line":185,"column":77}},"87":{"start":{"line":186,"column":4},"end":{"line":186,"column":53}},"88":{"start":{"line":186,"column":16},"end":{"line":186,"column":53}},"89":{"start":{"line":187,"column":4},"end":{"line":187,"column":64}},"90":{"start":{"line":187,"column":20},"end":{"line":187,"column":64}},"91":{"start":{"line":189,"column":4},"end":{"line":189,"column":18}},"92":{"start":{"line":191,"column":4},"end":{"line":191,"column":63}},"93":{"start":{"line":192,"column":4},"end":{"line":192,"column":14}},"94":{"start":{"line":197,"column":0},"end":{"line":237,"column":2}},"95":{"start":{"line":198,"column":2},"end":{"line":236,"column":3}},"96":{"start":{"line":199,"column":18},"end":{"line":199,"column":65}},"97":{"start":{"line":200,"column":4},"end":{"line":202,"column":5}},"98":{"start":{"line":201,"column":6},"end":{"line":201,"column":107}},"99":{"start":{"line":204,"column":23},"end":{"line":230,"column":5}},"100":{"start":{"line":205,"column":6},"end":{"line":207,"column":7}},"101":{"start":{"line":206,"column":8},"end":{"line":206,"column":59}},"102":{"start":{"line":209,"column":24},"end":{"line":209,"column":86}},"103":{"start":{"line":210,"column":24},"end":{"line":210,"column":62}},"104":{"start":{"line":212,"column":17},"end":{"line":215,"column":13}},"105":{"start":{"line":217,"column":6},"end":{"line":228,"column":7}},"106":{"start":{"line":218,"column":8},"end":{"line":218,"column":39}},"107":{"start":{"line":219,"column":8},"end":{"line":219,"column":44}},"108":{"start":{"line":220,"column":8},"end":{"line":220,"column":57}},"109":{"start":{"line":221,"column":8},"end":{"line":221,"column":56}},"110":{"start":{"line":222,"column":8},"end":{"line":222,"column":25}},"111":{"start":{"line":223,"column":8},"end":{"line":223,"column":43}},"112":{"start":{"line":224,"column":8},"end":{"line":224,"column":56}},"113":{"start":{"line":225,"column":8},"end":{"line":225,"column":55}},"114":{"start":{"line":226,"column":8},"end":{"line":226,"column":25}},"115":{"start":{"line":227,"column":8},"end":{"line":227,"column":25}},"116":{"start":{"line":229,"column":6},"end":{"line":229,"column":18}},"117":{"start":{"line":232,"column":4},"end":{"line":232,"column":58}},"118":{"start":{"line":234,"column":4},"end":{"line":234,"column":68}},"119":{"start":{"line":235,"column":4},"end":{"line":235,"column":75}},"120":{"start":{"line":241,"column":2},"end":{"line":241,"column":23}},"121":{"start":{"line":241,"column":13},"end":{"line":241,"column":23}},"122":{"start":{"line":242,"column":2},"end":{"line":247,"column":29}},"123":{"start":{"line":252,"column":2},"end":{"line":286,"column":4}},"124":{"start":{"line":291,"column":2},"end":{"line":439,"column":4}}},"fnMap":{"0":{"name":"(anonymous_0)","decl":{"start":{"line":27,"column":31},"end":{"line":27,"column":32}},"loc":{"start":{"line":27,"column":71},"end":{"line":72,"column":1}},"line":27},"1":{"name":"(anonymous_1)","decl":{"start":{"line":30,"column":24},"end":{"line":30,"column":25}},"loc":{"start":{"line":30,"column":76},"end":{"line":57,"column":3}},"line":30},"2":{"name":"(anonymous_2)","decl":{"start":{"line":75,"column":25},"end":{"line":75,"column":26}},"loc":{"start":{"line":75,"column":56},"end":{"line":110,"column":1}},"line":75},"3":{"name":"(anonymous_3)","decl":{"start":{"line":113,"column":22},"end":{"line":113,"column":23}},"loc":{"start":{"line":113,"column":78},"end":{"line":156,"column":1}},"line":113},"4":{"name":"(anonymous_4)","decl":{"start":{"line":159,"column":23},"end":{"line":159,"column":24}},"loc":{"start":{"line":159,"column":62},"end":{"line":194,"column":1}},"line":159},"5":{"name":"(anonymous_5)","decl":{"start":{"line":164,"column":13},"end":{"line":164,"column":14}},"loc":{"start":{"line":164,"column":25},"end":{"line":166,"column":7}},"line":164},"6":{"name":"(anonymous_6)","decl":{"start":{"line":197,"column":31},"end":{"line":197,"column":32}},"loc":{"start":{"line":197,"column":63},"end":{"line":237,"column":1}},"line":197},"7":{"name":"(anonymous_7)","decl":{"start":{"line":204,"column":23},"end":{"line":204,"column":24}},"loc":{"start":{"line":204,"column":47},"end":{"line":230,"column":5}},"line":204},"8":{"name":"escapeHtml","decl":{"start":{"line":240,"column":9},"end":{"line":240,"column":19}},"loc":{"start":{"line":240,"column":26},"end":{"line":248,"column":1}},"line":240},"9":{"name":"generateErrorHtml","decl":{"start":{"line":251,"column":9},"end":{"line":251,"column":26}},"loc":{"start":{"line":251,"column":41},"end":{"line":287,"column":1}},"line":251},"10":{"name":"generatePedigreeHtml","decl":{"start":{"line":290,"column":9},"end":{"line":290,"column":29}},"loc":{"start":{"line":290,"column":56},"end":{"line":440,"column":1}},"line":290}},"branchMap":{"0":{"loc":{"start":{"line":28,"column":2},"end":{"line":28,"column":38}},"type":"if","locations":[{"start":{"line":28,"column":2},"end":{"line":28,"column":38}},{"start":{},"end":{}}],"line":28},"1":{"loc":{"start":{"line":28,"column":6},"end":{"line":28,"column":23}},"type":"binary-expr","locations":[{"start":{"line":28,"column":6},"end":{"line":28,"column":13}},{"start":{"line":28,"column":17},"end":{"line":28,"column":23}}],"line":28},"2":{"loc":{"start":{"line":30,"column":52},"end":{"line":30,"column":71}},"type":"default-arg","locations":[{"start":{"line":30,"column":62},"end":{"line":30,"column":71}}],"line":30},"3":{"loc":{"start":{"line":31,"column":4},"end":{"line":31,"column":76}},"type":"if","locations":[{"start":{"line":31,"column":4},"end":{"line":31,"column":76}},{"start":{},"end":{}}],"line":31},"4":{"loc":{"start":{"line":31,"column":8},"end":{"line":31,"column":44}},"type":"binary-expr","locations":[{"start":{"line":31,"column":8},"end":{"line":31,"column":18}},{"start":{"line":31,"column":22},"end":{"line":31,"column":44}}],"line":31},"5":{"loc":{"start":{"line":32,"column":4},"end":{"line":32,"column":45}},"type":"if","locations":[{"start":{"line":32,"column":4},"end":{"line":32,"column":45}},{"start":{},"end":{}}],"line":32},"6":{"loc":{"start":{"line":42,"column":6},"end":{"line":42,"column":31}},"type":"if","locations":[{"start":{"line":42,"column":6},"end":{"line":42,"column":31}},{"start":{},"end":{}}],"line":42},"7":{"loc":{"start":{"line":45,"column":6},"end":{"line":47,"column":7}},"type":"if","locations":[{"start":{"line":45,"column":6},"end":{"line":47,"column":7}},{"start":{},"end":{}}],"line":45},"8":{"loc":{"start":{"line":45,"column":10},"end":{"line":45,"column":89}},"type":"binary-expr","locations":[{"start":{"line":45,"column":10},"end":{"line":45,"column":23}},{"start":{"line":45,"column":27},"end":{"line":45,"column":89}}],"line":45},"9":{"loc":{"start":{"line":48,"column":6},"end":{"line":50,"column":7}},"type":"if","locations":[{"start":{"line":48,"column":6},"end":{"line":50,"column":7}},{"start":{},"end":{}}],"line":48},"10":{"loc":{"start":{"line":48,"column":10},"end":{"line":48,"column":87}},"type":"binary-expr","locations":[{"start":{"line":48,"column":10},"end":{"line":48,"column":22}},{"start":{"line":48,"column":26},"end":{"line":48,"column":87}}],"line":48},"11":{"loc":{"start":{"line":60,"column":2},"end":{"line":63,"column":3}},"type":"if","locations":[{"start":{"line":60,"column":2},"end":{"line":63,"column":3}},{"start":{},"end":{}}],"line":60},"12":{"loc":{"start":{"line":61,"column":4},"end":{"line":61,"column":39}},"type":"if","locations":[{"start":{"line":61,"column":4},"end":{"line":61,"column":39}},{"start":{},"end":{}}],"line":61},"13":{"loc":{"start":{"line":62,"column":4},"end":{"line":62,"column":68}},"type":"if","locations":[{"start":{"line":62,"column":4},"end":{"line":62,"column":68}},{"start":{},"end":{}}],"line":62},"14":{"loc":{"start":{"line":66,"column":2},"end":{"line":69,"column":3}},"type":"if","locations":[{"start":{"line":66,"column":2},"end":{"line":69,"column":3}},{"start":{},"end":{}}],"line":66},"15":{"loc":{"start":{"line":67,"column":4},"end":{"line":67,"column":38}},"type":"if","locations":[{"start":{"line":67,"column":4},"end":{"line":67,"column":38}},{"start":{},"end":{}}],"line":67},"16":{"loc":{"start":{"line":68,"column":4},"end":{"line":68,"column":67}},"type":"if","locations":[{"start":{"line":68,"column":4},"end":{"line":68,"column":67}},{"start":{},"end":{}}],"line":68},"17":{"loc":{"start":{"line":76,"column":2},"end":{"line":76,"column":37}},"type":"if","locations":[{"start":{"line":76,"column":2},"end":{"line":76,"column":37}},{"start":{},"end":{}}],"line":76},"18":{"loc":{"start":{"line":76,"column":6},"end":{"line":76,"column":23}},"type":"binary-expr","locations":[{"start":{"line":76,"column":6},"end":{"line":76,"column":13}},{"start":{"line":76,"column":17},"end":{"line":76,"column":23}}],"line":76},"19":{"loc":{"start":{"line":91,"column":4},"end":{"line":94,"column":5}},"type":"if","locations":[{"start":{"line":91,"column":4},"end":{"line":94,"column":5}},{"start":{},"end":{}}],"line":91},"20":{"loc":{"start":{"line":91,"column":8},"end":{"line":91,"column":21}},"type":"binary-expr","locations":[{"start":{"line":91,"column":8},"end":{"line":91,"column":13}},{"start":{"line":91,"column":17},"end":{"line":91,"column":21}}],"line":91},"21":{"loc":{"start":{"line":99,"column":4},"end":{"line":102,"column":5}},"type":"if","locations":[{"start":{"line":99,"column":4},"end":{"line":102,"column":5}},{"start":{},"end":{}}],"line":99},"22":{"loc":{"start":{"line":113,"column":51},"end":{"line":113,"column":73}},"type":"default-arg","locations":[{"start":{"line":113,"column":64},"end":{"line":113,"column":73}}],"line":113},"23":{"loc":{"start":{"line":114,"column":2},"end":{"line":114,"column":29}},"type":"if","locations":[{"start":{"line":114,"column":2},"end":{"line":114,"column":29}},{"start":{},"end":{}}],"line":114},"24":{"loc":{"start":{"line":115,"column":2},"end":{"line":118,"column":3}},"type":"if","locations":[{"start":{"line":115,"column":2},"end":{"line":118,"column":3}},{"start":{},"end":{}}],"line":115},"25":{"loc":{"start":{"line":126,"column":4},"end":{"line":126,"column":28}},"type":"if","locations":[{"start":{"line":126,"column":4},"end":{"line":126,"column":28}},{"start":{},"end":{}}],"line":126},"26":{"loc":{"start":{"line":130,"column":18},"end":{"line":130,"column":43}},"type":"cond-expr","locations":[{"start":{"line":130,"column":26},"end":{"line":130,"column":36}},{"start":{"line":130,"column":39},"end":{"line":130,"column":43}}],"line":130},"27":{"loc":{"start":{"line":132,"column":4},"end":{"line":132,"column":34}},"type":"if","locations":[{"start":{"line":132,"column":4},"end":{"line":132,"column":34}},{"start":{},"end":{}}],"line":132},"28":{"loc":{"start":{"line":139,"column":4},"end":{"line":143,"column":5}},"type":"if","locations":[{"start":{"line":139,"column":4},"end":{"line":143,"column":5}},{"start":{"line":141,"column":11},"end":{"line":143,"column":5}}],"line":139},"29":{"loc":{"start":{"line":145,"column":4},"end":{"line":149,"column":5}},"type":"if","locations":[{"start":{"line":145,"column":4},"end":{"line":149,"column":5}},{"start":{"line":147,"column":11},"end":{"line":149,"column":5}}],"line":145},"30":{"loc":{"start":{"line":159,"column":45},"end":{"line":159,"column":57}},"type":"default-arg","locations":[{"start":{"line":159,"column":55},"end":{"line":159,"column":57}}],"line":159},"31":{"loc":{"start":{"line":160,"column":30},"end":{"line":160,"column":41}},"type":"default-arg","locations":[{"start":{"line":160,"column":38},"end":{"line":160,"column":41}}],"line":160},"32":{"loc":{"start":{"line":160,"column":43},"end":{"line":160,"column":53}},"type":"default-arg","locations":[{"start":{"line":160,"column":52},"end":{"line":160,"column":53}}],"line":160},"33":{"loc":{"start":{"line":169,"column":4},"end":{"line":171,"column":5}},"type":"if","locations":[{"start":{"line":169,"column":4},"end":{"line":171,"column":5}},{"start":{},"end":{}}],"line":169},"34":{"loc":{"start":{"line":169,"column":8},"end":{"line":169,"column":63}},"type":"binary-expr","locations":[{"start":{"line":169,"column":8},"end":{"line":169,"column":14}},{"start":{"line":169,"column":18},"end":{"line":169,"column":63}}],"line":169},"35":{"loc":{"start":{"line":173,"column":4},"end":{"line":175,"column":5}},"type":"if","locations":[{"start":{"line":173,"column":4},"end":{"line":175,"column":5}},{"start":{},"end":{}}],"line":173},"36":{"loc":{"start":{"line":173,"column":8},"end":{"line":173,"column":40}},"type":"binary-expr","locations":[{"start":{"line":173,"column":8},"end":{"line":173,"column":18}},{"start":{"line":173,"column":22},"end":{"line":173,"column":40}}],"line":173},"37":{"loc":{"start":{"line":186,"column":4},"end":{"line":186,"column":53}},"type":"if","locations":[{"start":{"line":186,"column":4},"end":{"line":186,"column":53}},{"start":{},"end":{}}],"line":186},"38":{"loc":{"start":{"line":187,"column":4},"end":{"line":187,"column":64}},"type":"if","locations":[{"start":{"line":187,"column":4},"end":{"line":187,"column":64}},{"start":{},"end":{}}],"line":187},"39":{"loc":{"start":{"line":200,"column":4},"end":{"line":202,"column":5}},"type":"if","locations":[{"start":{"line":200,"column":4},"end":{"line":202,"column":5}},{"start":{},"end":{}}],"line":200},"40":{"loc":{"start":{"line":205,"column":6},"end":{"line":207,"column":7}},"type":"if","locations":[{"start":{"line":205,"column":6},"end":{"line":207,"column":7}},{"start":{},"end":{}}],"line":205},"41":{"loc":{"start":{"line":209,"column":24},"end":{"line":209,"column":86}},"type":"cond-expr","locations":[{"start":{"line":209,"column":42},"end":{"line":209,"column":81}},{"start":{"line":209,"column":84},"end":{"line":209,"column":86}}],"line":209},"42":{"loc":{"start":{"line":210,"column":24},"end":{"line":210,"column":62}},"type":"cond-expr","locations":[{"start":{"line":210,"column":36},"end":{"line":210,"column":57}},{"start":{"line":210,"column":60},"end":{"line":210,"column":62}}],"line":210},"43":{"loc":{"start":{"line":214,"column":53},"end":{"line":214,"column":78}},"type":"binary-expr","locations":[{"start":{"line":214,"column":53},"end":{"line":214,"column":63}},{"start":{"line":214,"column":67},"end":{"line":214,"column":78}}],"line":214},"44":{"loc":{"start":{"line":217,"column":6},"end":{"line":228,"column":7}},"type":"if","locations":[{"start":{"line":217,"column":6},"end":{"line":228,"column":7}},{"start":{},"end":{}}],"line":217},"45":{"loc":{"start":{"line":217,"column":10},"end":{"line":217,"column":53}},"type":"binary-expr","locations":[{"start":{"line":217,"column":10},"end":{"line":217,"column":26}},{"start":{"line":217,"column":31},"end":{"line":217,"column":40}},{"start":{"line":217,"column":44},"end":{"line":217,"column":52}}],"line":217},"46":{"loc":{"start":{"line":241,"column":2},"end":{"line":241,"column":23}},"type":"if","locations":[{"start":{"line":241,"column":2},"end":{"line":241,"column":23}},{"start":{},"end":{}}],"line":241},"47":{"loc":{"start":{"line":420,"column":50},"end":{"line":420,"column":89}},"type":"cond-expr","locations":[{"start":{"line":420,"column":64},"end":{"line":420,"column":75}},{"start":{"line":420,"column":78},"end":{"line":420,"column":89}}],"line":420}},"s":{"0":2,"1":2,"2":6,"3":1,"4":5,"5":11,"6":3,"7":8,"8":0,"9":8,"10":8,"11":8,"12":8,"13":0,"14":8,"15":3,"16":5,"17":1,"18":4,"19":0,"20":0,"21":5,"22":4,"23":1,"24":3,"25":2,"26":2,"27":2,"28":0,"29":2,"30":1,"31":1,"32":2,"33":14,"34":2,"35":12,"36":12,"37":12,"38":12,"39":1,"40":1,"41":11,"42":11,"43":11,"44":0,"45":0,"46":11,"47":11,"48":0,"49":0,"50":2,"51":22,"52":0,"53":22,"54":1,"55":1,"56":21,"57":21,"58":20,"59":1,"60":19,"61":19,"62":19,"63":11,"64":8,"65":8,"66":8,"67":6,"68":2,"69":8,"70":4,"71":4,"72":8,"73":1,"74":1,"75":2,"76":0,"77":0,"78":0,"79":0,"80":0,"81":0,"82":0,"83":0,"84":0,"85":0,"86":0,"87":0,"88":0,"89":0,"90":0,"91":0,"92":0,"93":0,"94":2,"95":6,"96":6,"97":6,"98":1,"99":5,"100":7,"101":0,"102":7,"103":7,"104":7,"105":7,"106":1,"107":1,"108":1,"109":1,"110":1,"111":1,"112":1,"113":1,"114":1,"115":1,"116":7,"117":5,"118":0,"119":0,"120":18,"121":0,"122":18,"123":1,"124":5},"f":{"0":6,"1":11,"2":14,"3":22,"4":0,"5":0,"6":6,"7":7,"8":18,"9":1,"10":5},"b":{"0":[1,5],"1":[6,2],"2":[5],"3":[3,8],"4":[11,11],"5":[0,8],"6":[0,8],"7":[3,5],"8":[8,4],"9":[1,4],"10":[5,2],"11":[4,1],"12":[1,3],"13":[2,1],"14":[2,0],"15":[0,2],"16":[1,1],"17":[2,12],"18":[14,12],"19":[1,11],"20":[12,11],"21":[0,11],"22":[12],"23":[0,22],"24":[1,21],"25":[1,19],"26":[19,0],"27":[11,8],"28":[6,2],"29":[4,4],"30":[0],"31":[0],"32":[0],"33":[0,0],"34":[0,0],"35":[0,0],"36":[0,0],"37":[0,0],"38":[0,0],"39":[1,5],"40":[0,7],"41":[1,6],"42":[1,6],"43":[7,0],"44":[1,6],"45":[7,1,0],"46":[0,18],"47":[1,4]},"_coverageSchema":"1a1c01bbd47fc00a2c39e90264f33305004495a9","hash":"ea1d9440409fa27305405d417a434d14cfb8e425"}
}
