TN:
SF:public/scripts.js
FN:4,(anonymous_0)
FN:10,initializeApp
FN:30,setupFormHandlers
FN:39,(anonymous_3)
FN:50,setupSearchAndSort
FN:55,(anonymous_5)
FN:62,(anonymous_6)
FN:69,showSection
FN:74,(anonymous_8)
FN:90,resetForm
FN:98,(anonymous_10)
FN:99,(anonymous_11)
FN:107,fetchData
FN:119,postData
FN:137,updateData
FN:155,deleteData
FN:165,validateForm
FN:175,(anonymous_17)
FN:211,handleFormSubmit
FN:218,(anonymous_19)
FN:231,(anonymous_20)
FN:250,loadHorses
FN:257,(anonymous_22)
FN:262,(anonymous_23)
FN:264,(anonymous_24)
FN:266,(anonymous_25)
FN:268,(anonymous_26)
FN:279,(anonymous_27)
FN:280,(anonymous_28)
FN:281,(anonymous_29)
FN:282,(anonymous_30)
FN:307,loadSelectOptions
FN:321,(anonymous_32)
FN:333,(anonymous_33)
FN:345,(anonymous_34)
FN:357,(anonymous_35)
FN:368,(anonymous_36)
FN:384,updateHorseSelects
FN:390,(anonymous_38)
FN:402,(anonymous_39)
FN:413,filterHorses
FN:421,editHorse
FN:440,(anonymous_42)
FN:460,deleteHorse
FN:472,showPedigree
FN:481,fetchPedigreeHtml
FN:498,(anonymous_46)
FN:499,(anonymous_47)
FN:510,showHorseDetails
FN:519,(anonymous_49)
FN:520,(anonymous_50)
FN:521,(anonymous_51)
FN:529,showOffspring
FN:539,fetchOffspring
FN:568,(anonymous_54)
FNF:55
FNH:0
FNDA:0,(anonymous_0)
FNDA:0,initializeApp
FNDA:0,setupFormHandlers
FNDA:0,(anonymous_3)
FNDA:0,setupSearchAndSort
FNDA:0,(anonymous_5)
FNDA:0,(anonymous_6)
FNDA:0,showSection
FNDA:0,(anonymous_8)
FNDA:0,resetForm
FNDA:0,(anonymous_10)
FNDA:0,(anonymous_11)
FNDA:0,fetchData
FNDA:0,postData
FNDA:0,updateData
FNDA:0,deleteData
FNDA:0,validateForm
FNDA:0,(anonymous_17)
FNDA:0,handleFormSubmit
FNDA:0,(anonymous_19)
FNDA:0,(anonymous_20)
FNDA:0,loadHorses
FNDA:0,(anonymous_22)
FNDA:0,(anonymous_23)
FNDA:0,(anonymous_24)
FNDA:0,(anonymous_25)
FNDA:0,(anonymous_26)
FNDA:0,(anonymous_27)
FNDA:0,(anonymous_28)
FNDA:0,(anonymous_29)
FNDA:0,(anonymous_30)
FNDA:0,loadSelectOptions
FNDA:0,(anonymous_32)
FNDA:0,(anonymous_33)
FNDA:0,(anonymous_34)
FNDA:0,(anonymous_35)
FNDA:0,(anonymous_36)
FNDA:0,updateHorseSelects
FNDA:0,(anonymous_38)
FNDA:0,(anonymous_39)
FNDA:0,filterHorses
FNDA:0,editHorse
FNDA:0,(anonymous_42)
FNDA:0,deleteHorse
FNDA:0,showPedigree
FNDA:0,fetchPedigreeHtml
FNDA:0,(anonymous_46)
FNDA:0,(anonymous_47)
FNDA:0,showHorseDetails
FNDA:0,(anonymous_49)
FNDA:0,(anonymous_50)
FNDA:0,(anonymous_51)
FNDA:0,showOffspring
FNDA:0,fetchOffspring
FNDA:0,(anonymous_54)
DA:1,0
DA:4,0
DA:5,0
DA:6,0
DA:11,0
DA:13,0
DA:14,0
DA:17,0
DA:20,0
DA:22,0
DA:24,0
DA:25,0
DA:31,0
DA:39,0
DA:40,0
DA:41,0
DA:42,0
DA:44,0
DA:51,0
DA:52,0
DA:54,0
DA:55,0
DA:56,0
DA:57,0
DA:61,0
DA:62,0
DA:63,0
DA:64,0
DA:70,0
DA:73,0
DA:74,0
DA:75,0
DA:76,0
DA:80,0
DA:81,0
DA:82,0
DA:83,0
DA:84,0
DA:86,0
DA:91,0
DA:92,0
DA:93,0
DA:94,0
DA:97,0
DA:98,0
DA:99,0
DA:101,0
DA:102,0
DA:103,0
DA:108,0
DA:109,0
DA:110,0
DA:111,0
DA:112,0
DA:114,0
DA:115,0
DA:120,0
DA:121,0
DA:126,0
DA:127,0
DA:128,0
DA:130,0
DA:132,0
DA:133,0
DA:138,0
DA:139,0
DA:144,0
DA:145,0
DA:146,0
DA:148,0
DA:150,0
DA:151,0
DA:156,0
DA:157,0
DA:158,0
DA:160,0
DA:161,0
DA:166,0
DA:167,0
DA:168,0
DA:169,0
DA:172,0
DA:173,0
DA:175,0
DA:176,0
DA:177,0
DA:178,0
DA:181,0
DA:182,0
DA:183,0
DA:186,0
DA:187,0
DA:188,0
DA:191,0
DA:192,0
DA:193,0
DA:196,0
DA:197,0
DA:200,0
DA:201,0
DA:202,0
DA:204,0
DA:208,0
DA:212,0
DA:213,0
DA:214,0
DA:215,0
DA:218,0
DA:219,0
DA:220,0
DA:222,0
DA:223,0
DA:224,0
DA:227,0
DA:228,0
DA:231,0
DA:232,0
DA:233,0
DA:237,0
DA:238,0
DA:239,0
DA:240,0
DA:241,0
DA:242,0
DA:244,0
DA:245,0
DA:251,0
DA:252,0
DA:253,0
DA:254,0
DA:255,0
DA:257,0
DA:258,0
DA:261,0
DA:262,0
DA:263,0
DA:264,0
DA:265,0
DA:266,0
DA:267,0
DA:268,0
DA:271,0
DA:272,0
DA:273,0
DA:274,0
DA:277,0
DA:279,0
DA:280,0
DA:281,0
DA:282,0
DA:284,0
DA:285,0
DA:286,0
DA:299,0
DA:302,0
DA:303,0
DA:308,0
DA:309,0
DA:318,0
DA:319,0
DA:320,0
DA:321,0
DA:322,0
DA:323,0
DA:324,0
DA:325,0
DA:330,0
DA:331,0
DA:332,0
DA:333,0
DA:334,0
DA:335,0
DA:336,0
DA:337,0
DA:342,0
DA:343,0
DA:344,0
DA:345,0
DA:346,0
DA:347,0
DA:348,0
DA:349,0
DA:354,0
DA:355,0
DA:356,0
DA:357,0
DA:358,0
DA:359,0
DA:360,0
DA:361,0
DA:365,0
DA:366,0
DA:367,0
DA:368,0
DA:369,0
DA:370,0
DA:371,0
DA:372,0
DA:376,0
DA:377,0
DA:379,0
DA:380,0
DA:385,0
DA:386,0
DA:388,0
DA:389,0
DA:390,0
DA:391,0
DA:392,0
DA:393,0
DA:394,0
DA:395,0
DA:400,0
DA:401,0
DA:402,0
DA:403,0
DA:404,0
DA:405,0
DA:406,0
DA:407,0
DA:414,0
DA:415,0
DA:416,0
DA:417,0
DA:422,0
DA:423,0
DA:424,0
DA:425,0
DA:426,0
DA:427,0
DA:428,0
DA:431,0
DA:432,0
DA:433,0
DA:434,0
DA:435,0
DA:436,0
DA:437,0
DA:438,0
DA:440,0
DA:441,0
DA:442,0
DA:443,0
DA:444,0
DA:445,0
DA:446,0
DA:447,0
DA:448,0
DA:449,0
DA:450,0
DA:452,0
DA:456,0
DA:461,0
DA:462,0
DA:463,0
DA:464,0
DA:465,0
DA:467,0
DA:473,0
DA:474,0
DA:475,0
DA:477,0
DA:478,0
DA:482,0
DA:483,0
DA:484,0
DA:486,0
DA:487,0
DA:488,0
DA:489,0
DA:491,0
DA:492,0
DA:493,0
DA:494,0
DA:495,0
DA:496,0
DA:497,0
DA:498,0
DA:499,0
DA:500,0
DA:501,0
DA:506,0
DA:511,0
DA:512,0
DA:519,0
DA:520,0
DA:521,0
DA:523,0
DA:525,0
DA:530,0
DA:531,0
DA:532,0
DA:534,0
DA:535,0
DA:536,0
DA:540,0
DA:541,0
DA:542,0
DA:544,0
DA:545,0
DA:546,0
DA:547,0
DA:548,0
DA:549,0
DA:550,0
DA:552,0
DA:553,0
DA:554,0
DA:555,0
DA:556,0
DA:557,0
DA:558,0
DA:561,0
DA:563,0
DA:564,0
DA:565,0
DA:568,0
DA:569,0
DA:570,0
DA:571,0
DA:578,0
DA:581,0
LF:322
LH:0
BRDA:41,0,0,0
BRDA:41,0,1,0
BRDA:54,1,0,0
BRDA:54,1,1,0
BRDA:56,2,0,0
BRDA:56,2,1,0
BRDA:61,3,0,0
BRDA:61,3,1,0
BRDA:63,4,0,0
BRDA:63,4,1,0
BRDA:81,5,0,0
BRDA:81,5,1,0
BRDA:92,6,0,0
BRDA:92,6,1,0
BRDA:101,7,0,0
BRDA:101,7,1,0
BRDA:108,8,0,0
BRDA:108,8,1,0
BRDA:111,9,0,0
BRDA:111,9,1,0
BRDA:126,10,0,0
BRDA:126,10,1,0
BRDA:128,11,0,0
BRDA:128,11,1,0
BRDA:144,12,0,0
BRDA:144,12,1,0
BRDA:146,13,0,0
BRDA:146,13,1,0
BRDA:158,14,0,0
BRDA:158,14,1,0
BRDA:167,15,0,0
BRDA:167,15,1,0
BRDA:181,16,0,0
BRDA:181,16,1,0
BRDA:186,17,0,0
BRDA:186,17,1,0
BRDA:186,18,0,0
BRDA:186,18,1,0
BRDA:191,19,0,0
BRDA:191,19,1,0
BRDA:191,20,0,0
BRDA:191,20,1,0
BRDA:196,21,0,0
BRDA:196,21,1,0
BRDA:200,22,0,0
BRDA:200,22,1,0
BRDA:213,23,0,0
BRDA:213,23,1,0
BRDA:222,24,0,0
BRDA:222,24,1,0
BRDA:232,25,0,0
BRDA:232,25,1,0
BRDA:250,26,0,0
BRDA:250,27,0,0
BRDA:261,28,0,0
BRDA:261,28,1,0
BRDA:263,29,0,0
BRDA:263,29,1,0
BRDA:265,30,0,0
BRDA:265,30,1,0
BRDA:266,31,0,0
BRDA:266,31,1,0
BRDA:266,32,0,0
BRDA:266,32,1,0
BRDA:267,33,0,0
BRDA:267,33,1,0
BRDA:268,34,0,0
BRDA:268,34,1,0
BRDA:268,35,0,0
BRDA:268,35,1,0
BRDA:272,36,0,0
BRDA:272,36,1,0
BRDA:280,37,0,0
BRDA:280,37,1,0
BRDA:281,38,0,0
BRDA:281,38,1,0
BRDA:282,39,0,0
BRDA:282,39,1,0
BRDA:319,40,0,0
BRDA:319,40,1,0
BRDA:331,41,0,0
BRDA:331,41,1,0
BRDA:343,42,0,0
BRDA:343,42,1,0
BRDA:355,43,0,0
BRDA:355,43,1,0
BRDA:366,44,0,0
BRDA:366,44,1,0
BRDA:384,45,0,0
BRDA:384,46,0,0
BRDA:388,47,0,0
BRDA:388,47,1,0
BRDA:391,48,0,0
BRDA:391,48,1,0
BRDA:391,49,0,0
BRDA:391,49,1,0
BRDA:391,49,2,0
BRDA:400,50,0,0
BRDA:400,50,1,0
BRDA:403,51,0,0
BRDA:403,51,1,0
BRDA:403,52,0,0
BRDA:403,52,1,0
BRDA:403,52,2,0
BRDA:415,53,0,0
BRDA:415,53,1,0
BRDA:415,54,0,0
BRDA:415,54,1,0
BRDA:417,55,0,0
BRDA:417,55,1,0
BRDA:417,56,0,0
BRDA:417,56,1,0
BRDA:426,57,0,0
BRDA:426,57,1,0
BRDA:433,58,0,0
BRDA:433,58,1,0
BRDA:435,59,0,0
BRDA:435,59,1,0
BRDA:436,60,0,0
BRDA:436,60,1,0
BRDA:442,61,0,0
BRDA:442,61,1,0
BRDA:461,62,0,0
BRDA:461,62,1,0
BRDA:473,63,0,0
BRDA:473,63,1,0
BRDA:482,64,0,0
BRDA:482,64,1,0
BRDA:487,65,0,0
BRDA:487,65,1,0
BRDA:487,66,0,0
BRDA:487,66,1,0
BRDA:493,67,0,0
BRDA:493,67,1,0
BRDA:496,68,0,0
BRDA:496,68,1,0
BRDA:500,69,0,0
BRDA:500,69,1,0
BRDA:519,70,0,0
BRDA:519,70,1,0
BRDA:520,71,0,0
BRDA:520,71,1,0
BRDA:521,72,0,0
BRDA:521,72,1,0
BRDA:530,73,0,0
BRDA:530,73,1,0
BRDA:540,74,0,0
BRDA:540,74,1,0
BRDA:548,75,0,0
BRDA:548,75,1,0
BRDA:549,76,0,0
BRDA:549,76,1,0
BRDA:550,77,0,0
BRDA:550,77,1,0
BRDA:554,78,0,0
BRDA:554,78,1,0
BRDA:556,79,0,0
BRDA:556,79,1,0
BRDA:563,80,0,0
BRDA:563,80,1,0
BRDA:574,81,0,0
BRDA:574,81,1,0
BRF:162
BRH:0
end_of_record
TN:
SF:src/app.js
FN:15,(anonymous_0)
FN:28,(anonymous_1)
FN:60,(anonymous_2)
FN:130,(anonymous_3)
FN:158,(anonymous_4)
FN:180,(anonymous_5)
FN:185,(anonymous_6)
FN:239,(anonymous_7)
FN:248,(anonymous_8)
FN:257,(anonymous_9)
FN:272,(anonymous_10)
FN:290,(anonymous_11)
FNF:12
FNH:0
FNDA:0,(anonymous_0)
FNDA:0,(anonymous_1)
FNDA:0,(anonymous_2)
FNDA:0,(anonymous_3)
FNDA:0,(anonymous_4)
FNDA:0,(anonymous_5)
FNDA:0,(anonymous_6)
FNDA:0,(anonymous_7)
FNDA:0,(anonymous_8)
FNDA:0,(anonymous_9)
FNDA:0,(anonymous_10)
FNDA:0,(anonymous_11)
DA:1,0
DA:2,0
DA:3,0
DA:4,0
DA:5,0
DA:6,0
DA:7,0
DA:9,0
DA:12,0
DA:15,0
DA:16,0
DA:17,0
DA:18,0
DA:20,0
DA:21,0
DA:23,0
DA:28,0
DA:29,0
DA:30,0
DA:31,0
DA:32,0
DA:34,0
DA:37,0
DA:38,0
DA:39,0
DA:40,0
DA:42,0
DA:46,0
DA:47,0
DA:50,0
DA:54,0
DA:60,0
DA:61,0
DA:63,0
DA:64,0
DA:67,0
DA:75,0
DA:101,0
DA:102,0
DA:112,0
DA:113,0
DA:114,0
DA:115,0
DA:116,0
DA:119,0
DA:120,0
DA:121,0
DA:122,0
DA:123,0
DA:126,0
DA:127,0
DA:128,0
DA:130,0
DA:131,0
DA:132,0
DA:134,0
DA:135,0
DA:137,0
DA:139,0
DA:140,0
DA:141,0
DA:143,0
DA:145,0
DA:146,0
DA:154,0
DA:158,0
DA:159,0
DA:180,0
DA:181,0
DA:185,0
DA:186,0
DA:187,0
DA:189,0
DA:192,0
DA:193,0
DA:197,0
DA:198,0
DA:201,0
DA:202,0
DA:203,0
DA:204,0
DA:205,0
DA:206,0
DA:207,0
DA:208,0
DA:209,0
DA:210,0
DA:211,0
DA:212,0
DA:213,0
DA:214,0
DA:215,0
DA:219,0
DA:220,0
DA:221,0
DA:222,0
DA:225,0
DA:239,0
DA:240,0
DA:241,0
DA:244,0
DA:248,0
DA:249,0
DA:250,0
DA:253,0
DA:257,0
DA:258,0
DA:261,0
DA:262,0
DA:263,0
DA:264,0
DA:266,0
DA:269,0
DA:272,0
DA:273,0
DA:276,0
DA:277,0
DA:278,0
DA:279,0
DA:281,0
DA:284,0
DA:287,0
DA:288,0
DA:290,0
DA:291,0
DA:292,0
DA:293,0
DA:294,0
DA:295,0
DA:296,0
DA:297,0
DA:298,0
DA:301,0
LF:133
LH:0
BRDA:20,0,0,0
BRDA:20,0,1,0
BRDA:32,1,0,0
BRDA:32,1,1,0
BRDA:37,2,0,0
BRDA:37,2,1,0
BRDA:37,3,0,0
BRDA:37,3,1,0
BRDA:37,3,2,0
BRDA:37,3,3,0
BRDA:39,4,0,0
BRDA:39,4,1,0
BRDA:46,5,0,0
BRDA:46,5,1,0
BRDA:46,6,0,0
BRDA:46,6,1,0
BRDA:81,7,0,0
BRDA:81,7,1,0
BRDA:131,8,0,0
BRDA:131,8,1,0
BRDA:134,9,0,0
BRDA:134,9,1,0
BRDA:139,10,0,0
BRDA:139,10,1,0
BRDA:145,11,0,0
BRDA:145,11,1,0
BRDA:192,12,0,0
BRDA:192,12,1,0
BRDA:197,13,0,0
BRDA:197,13,1,0
BRDA:197,13,2,0
BRDA:201,14,0,0
BRDA:201,14,1,0
BRDA:204,15,0,0
BRDA:204,15,1,0
BRDA:207,16,0,0
BRDA:207,16,1,0
BRDA:210,17,0,0
BRDA:210,17,1,0
BRDA:213,18,0,0
BRDA:213,18,1,0
BRDA:219,19,0,0
BRDA:219,19,1,0
BRDA:219,20,0,0
BRDA:219,20,1,0
BRDA:221,21,0,0
BRDA:221,21,1,0
BRDA:222,22,0,0
BRDA:222,22,1,0
BRDA:231,23,0,0
BRDA:231,23,1,0
BRDA:287,24,0,0
BRDA:287,24,1,0
BRDA:288,25,0,0
BRDA:288,25,1,0
BRDA:296,26,0,0
BRDA:296,26,1,0
BRF:57
BRH:0
end_of_record
TN:
SF:src/config/db-test.js
FNF:0
FNH:0
DA:2,0
DA:5,0
DA:23,0
LF:3
LH:0
BRDA:5,0,0,0
BRDA:5,0,1,0
BRF:2
BRH:0
end_of_record
TN:
SF:src/config/db.js
FNF:0
FNH:0
DA:1,5
DA:2,5
DA:4,5
DA:9,5
LF:4
LH:4
BRF:0
BRH:0
end_of_record
TN:
SF:src/controllers/breedController.js
FN:8,(anonymous_0)
FN:17,(anonymous_1)
FN:29,(anonymous_2)
FN:45,(anonymous_3)
FNF:4
FNH:2
FNDA:1,(anonymous_0)
FNDA:2,(anonymous_1)
FNDA:0,(anonymous_2)
FNDA:0,(anonymous_3)
DA:1,1
DA:2,1
DA:4,1
DA:8,1
DA:9,1
DA:10,1
DA:11,1
DA:13,0
DA:17,1
DA:18,2
DA:19,2
DA:21,1
DA:22,1
DA:23,0
DA:25,1
DA:29,1
DA:30,0
DA:31,0
DA:33,0
DA:34,0
DA:38,0
DA:39,0
DA:41,0
DA:45,1
DA:46,0
DA:47,0
DA:48,0
DA:49,0
DA:51,0
LF:29
LH:15
BRDA:19,0,0,1
BRDA:19,0,1,1
BRDA:31,1,0,0
BRDA:31,1,1,0
BRDA:38,2,0,0
BRDA:38,2,1,0
BRDA:48,3,0,0
BRDA:48,3,1,0
BRF:8
BRH:2
end_of_record
TN:
SF:src/controllers/breederController.js
FN:9,(anonymous_0)
FN:18,(anonymous_1)
FN:36,(anonymous_2)
FN:58,(anonymous_3)
FNF:4
FNH:2
FNDA:1,(anonymous_0)
FNDA:2,(anonymous_1)
FNDA:0,(anonymous_2)
FNDA:0,(anonymous_3)
DA:1,1
DA:2,1
DA:4,1
DA:9,1
DA:10,1
DA:11,1
DA:12,1
DA:14,0
DA:18,1
DA:19,2
DA:20,2
DA:23,2
DA:24,2
DA:25,1
DA:28,1
DA:29,1
DA:30,1
DA:32,0
DA:36,1
DA:37,0
DA:38,0
DA:41,0
DA:42,0
DA:43,0
DA:46,0
DA:47,0
DA:51,0
DA:52,0
DA:54,0
DA:58,1
DA:59,0
DA:60,0
DA:61,0
DA:62,0
DA:64,0
LF:35
LH:18
BRDA:20,0,0,0
BRDA:20,0,1,2
BRDA:24,1,0,1
BRDA:24,1,1,1
BRDA:38,2,0,0
BRDA:38,2,1,0
BRDA:42,3,0,0
BRDA:42,3,1,0
BRDA:51,4,0,0
BRDA:51,4,1,0
BRDA:61,5,0,0
BRDA:61,5,1,0
BRF:12
BRH:3
end_of_record
TN:
SF:src/controllers/colorController.js
FN:8,(anonymous_0)
FN:17,(anonymous_1)
FN:29,(anonymous_2)
FN:45,(anonymous_3)
FNF:4
FNH:2
FNDA:1,(anonymous_0)
FNDA:1,(anonymous_1)
FNDA:0,(anonymous_2)
FNDA:0,(anonymous_3)
DA:1,1
DA:2,1
DA:4,1
DA:8,1
DA:9,1
DA:10,1
DA:11,1
DA:13,0
DA:17,1
DA:18,1
DA:19,1
DA:21,1
DA:22,1
DA:23,1
DA:25,0
DA:29,1
DA:30,0
DA:31,0
DA:33,0
DA:34,0
DA:38,0
DA:39,0
DA:41,0
DA:45,1
DA:46,0
DA:47,0
DA:48,0
DA:49,0
DA:51,0
LF:29
LH:15
BRDA:19,0,0,0
BRDA:19,0,1,1
BRDA:31,1,0,0
BRDA:31,1,1,0
BRDA:38,2,0,0
BRDA:38,2,1,0
BRDA:48,3,0,0
BRDA:48,3,1,0
BRF:8
BRH:1
end_of_record
TN:
SF:src/controllers/countryController.js
FN:9,(anonymous_0)
FN:18,(anonymous_1)
FN:30,(anonymous_2)
FN:46,(anonymous_3)
FNF:4
FNH:4
FNDA:1,(anonymous_0)
FNDA:2,(anonymous_1)
FNDA:1,(anonymous_2)
FNDA:1,(anonymous_3)
DA:1,1
DA:2,1
DA:4,1
DA:9,1
DA:10,1
DA:11,1
DA:12,1
DA:14,0
DA:18,1
DA:19,2
DA:20,2
DA:22,1
DA:23,1
DA:24,0
DA:26,1
DA:30,1
DA:31,1
DA:32,1
DA:34,1
DA:35,1
DA:39,1
DA:40,1
DA:42,0
DA:46,1
DA:47,1
DA:48,1
DA:49,0
DA:50,0
DA:52,1
LF:29
LH:24
BRDA:20,0,0,1
BRDA:20,0,1,1
BRDA:32,1,0,0
BRDA:32,1,1,1
BRDA:39,2,0,0
BRDA:39,2,1,1
BRDA:49,3,0,0
BRDA:49,3,1,0
BRF:8
BRH:4
end_of_record
TN:
SF:src/controllers/horseController.js
FN:16,(anonymous_0)
FN:34,(anonymous_1)
FN:61,(anonymous_2)
FN:73,(anonymous_3)
FN:154,(anonymous_4)
FN:244,(anonymous_5)
FN:269,(anonymous_6)
FN:290,(anonymous_7)
FN:331,(anonymous_8)
FN:354,(anonymous_9)
FN:392,(anonymous_10)
FN:427,(anonymous_11)
FN:444,(anonymous_12)
FNF:13
FNH:10
FNDA:2,(anonymous_0)
FNDA:3,(anonymous_1)
FNDA:2,(anonymous_2)
FNDA:6,(anonymous_3)
FNDA:3,(anonymous_4)
FNDA:2,(anonymous_5)
FNDA:2,(anonymous_6)
FNDA:2,(anonymous_7)
FNDA:0,(anonymous_8)
FNDA:2,(anonymous_9)
FNDA:3,(anonymous_10)
FNDA:0,(anonymous_11)
FNDA:0,(anonymous_12)
DA:1,1
DA:2,1
DA:3,1
DA:5,1
DA:16,1
DA:17,2
DA:19,2
DA:20,0
DA:23,2
DA:24,2
DA:27,0
DA:28,0
DA:31,0
DA:34,1
DA:35,3
DA:36,3
DA:38,3
DA:41,3
DA:42,1
DA:45,3
DA:46,0
DA:49,3
DA:55,3
DA:57,0
DA:61,1
DA:62,2
DA:63,2
DA:64,2
DA:65,2
DA:67,0
DA:69,0
DA:73,1
DA:74,6
DA:75,6
DA:77,5
DA:79,5
DA:81,5
DA:82,3
DA:83,3
DA:84,3
DA:86,0
DA:87,0
DA:91,2
DA:92,0
DA:93,0
DA:94,0
DA:96,0
DA:97,0
DA:102,2
DA:103,0
DA:107,2
DA:108,2
DA:109,0
DA:113,2
DA:114,0
DA:120,0
DA:126,0
DA:127,0
DA:132,2
DA:133,2
DA:134,0
DA:135,0
DA:136,0
DA:137,0
DA:138,0
DA:139,0
DA:144,2
DA:148,0
DA:150,2
DA:154,1
DA:155,3
DA:156,3
DA:158,3
DA:159,3
DA:161,3
DA:163,3
DA:164,3
DA:165,3
DA:169,0
DA:170,0
DA:174,0
DA:175,0
DA:180,0
DA:181,0
DA:182,0
DA:184,0
DA:185,0
DA:186,0
DA:188,0
DA:189,0
DA:193,0
DA:194,0
DA:195,0
DA:197,0
DA:198,0
DA:199,0
DA:201,0
DA:202,0
DA:207,0
DA:208,0
DA:212,0
DA:213,0
DA:214,0
DA:220,0
DA:221,0
DA:222,0
DA:223,0
DA:224,0
DA:225,0
DA:226,0
DA:227,0
DA:232,0
DA:237,0
DA:238,0
DA:240,0
DA:244,1
DA:245,2
DA:246,2
DA:249,2
DA:255,2
DA:256,0
DA:261,2
DA:262,2
DA:263,0
DA:265,0
DA:269,1
DA:270,2
DA:272,2
DA:273,0
DA:276,2
DA:277,2
DA:278,1
DA:281,1
DA:282,1
DA:283,1
DA:284,0
DA:286,0
DA:290,1
DA:291,2
DA:292,2
DA:294,2
DA:295,0
DA:299,2
DA:300,0
DA:303,2
DA:304,0
DA:307,2
DA:308,0
DA:311,2
DA:312,0
DA:315,2
DA:317,2
DA:318,2
DA:319,2
DA:322,0
DA:330,0
DA:332,0
DA:335,0
DA:336,0
DA:338,0
DA:340,0
DA:350,0
DA:354,1
DA:355,2
DA:357,2
DA:358,0
DA:361,2
DA:362,2
DA:363,1
DA:366,1
DA:368,1
DA:369,1
DA:370,1
DA:373,0
DA:374,0
DA:375,0
DA:377,0
DA:378,0
DA:392,1
DA:393,3
DA:395,3
DA:396,0
DA:399,3
DA:400,0
DA:403,3
DA:405,3
DA:406,3
DA:408,3
DA:409,3
DA:412,0
DA:413,0
DA:416,0
DA:417,0
DA:421,0
DA:424,0
DA:425,0
DA:427,0
DA:428,0
DA:429,0
DA:430,0
DA:431,0
DA:433,0
DA:434,0
DA:435,0
DA:437,0
DA:440,0
DA:441,0
DA:444,0
DA:446,0
DA:458,0
LF:210
LH:97
BRDA:19,0,0,0
BRDA:19,0,1,2
BRDA:23,1,0,2
BRDA:23,1,1,0
BRDA:27,2,0,0
BRDA:27,2,1,0
BRDA:36,3,0,2
BRDA:36,4,0,2
BRDA:41,5,0,1
BRDA:41,5,1,2
BRDA:41,6,0,3
BRDA:41,6,1,1
BRDA:45,7,0,0
BRDA:45,7,1,3
BRDA:45,8,0,3
BRDA:45,8,1,0
BRDA:64,9,0,2
BRDA:64,9,1,0
BRDA:75,10,0,1
BRDA:75,10,1,5
BRDA:81,11,0,3
BRDA:81,11,1,2
BRDA:83,12,0,3
BRDA:83,12,1,0
BRDA:86,13,0,0
BRDA:86,13,1,0
BRDA:91,14,0,0
BRDA:91,14,1,2
BRDA:93,15,0,0
BRDA:93,15,1,0
BRDA:96,16,0,0
BRDA:96,16,1,0
BRDA:102,17,0,0
BRDA:102,17,1,2
BRDA:102,18,0,2
BRDA:102,18,1,0
BRDA:102,18,2,0
BRDA:108,19,0,0
BRDA:108,19,1,2
BRDA:113,20,0,0
BRDA:113,20,1,2
BRDA:113,21,0,2
BRDA:113,21,1,0
BRDA:126,22,0,0
BRDA:126,22,1,0
BRDA:126,23,0,0
BRDA:126,23,1,0
BRDA:133,24,0,0
BRDA:133,24,1,2
BRDA:133,25,0,2
BRDA:133,25,1,0
BRDA:135,26,0,0
BRDA:135,26,1,0
BRDA:137,27,0,0
BRDA:137,27,1,0
BRDA:156,28,0,0
BRDA:156,28,1,3
BRDA:164,29,0,3
BRDA:164,29,1,0
BRDA:169,30,0,0
BRDA:169,30,1,0
BRDA:174,31,0,0
BRDA:174,31,1,0
BRDA:180,32,0,0
BRDA:180,32,1,0
BRDA:181,33,0,0
BRDA:181,33,1,0
BRDA:185,34,0,0
BRDA:185,34,1,0
BRDA:188,35,0,0
BRDA:188,35,1,0
BRDA:193,36,0,0
BRDA:193,36,1,0
BRDA:194,37,0,0
BRDA:194,37,1,0
BRDA:198,38,0,0
BRDA:198,38,1,0
BRDA:201,39,0,0
BRDA:201,39,1,0
BRDA:207,40,0,0
BRDA:207,40,1,0
BRDA:207,41,0,0
BRDA:207,41,1,0
BRDA:207,41,2,0
BRDA:213,42,0,0
BRDA:213,42,1,0
BRDA:221,43,0,0
BRDA:221,43,1,0
BRDA:221,44,0,0
BRDA:221,44,1,0
BRDA:223,45,0,0
BRDA:223,45,1,0
BRDA:225,46,0,0
BRDA:225,46,1,0
BRDA:237,47,0,0
BRDA:237,47,1,0
BRDA:255,48,0,0
BRDA:255,48,1,2
BRDA:262,49,0,2
BRDA:262,49,1,0
BRDA:272,50,0,0
BRDA:272,50,1,2
BRDA:272,51,0,2
BRDA:272,51,1,2
BRDA:272,51,2,2
BRDA:272,51,3,2
BRDA:277,52,0,1
BRDA:277,52,1,1
BRDA:277,53,0,2
BRDA:277,53,1,2
BRDA:283,54,0,1
BRDA:283,54,1,0
BRDA:292,55,0,2
BRDA:292,56,0,2
BRDA:294,57,0,0
BRDA:294,57,1,2
BRDA:294,58,0,2
BRDA:294,58,1,2
BRDA:299,59,0,0
BRDA:299,59,1,2
BRDA:299,60,0,2
BRDA:299,60,1,1
BRDA:303,61,0,0
BRDA:303,61,1,2
BRDA:303,62,0,2
BRDA:303,62,1,0
BRDA:307,63,0,0
BRDA:307,63,1,2
BRDA:307,64,0,2
BRDA:307,64,1,2
BRDA:307,64,2,2
BRDA:311,65,0,0
BRDA:311,65,1,2
BRDA:311,66,0,2
BRDA:311,66,1,0
BRDA:318,67,0,2
BRDA:318,67,1,0
BRDA:335,68,0,0
BRDA:335,68,1,0
BRDA:336,69,0,0
BRDA:336,69,1,0
BRDA:357,70,0,0
BRDA:357,70,1,2
BRDA:357,71,0,2
BRDA:357,71,1,2
BRDA:357,71,2,2
BRDA:357,71,3,2
BRDA:362,72,0,1
BRDA:362,72,1,1
BRDA:362,73,0,2
BRDA:362,73,1,2
BRDA:369,74,0,1
BRDA:369,74,1,0
BRDA:395,75,0,0
BRDA:395,75,1,3
BRDA:395,76,0,3
BRDA:395,76,1,3
BRDA:395,76,2,3
BRDA:395,76,3,3
BRDA:399,77,0,0
BRDA:399,77,1,3
BRDA:408,78,0,3
BRDA:408,78,1,0
BRDA:408,79,0,3
BRDA:408,79,1,0
BRDA:412,80,0,0
BRDA:412,80,1,0
BRDA:416,81,0,0
BRDA:416,81,1,0
BRDA:427,82,0,0
BRDA:428,83,0,0
BRDA:428,83,1,0
BRDA:428,84,0,0
BRDA:428,84,1,0
BRDA:429,85,0,0
BRDA:429,85,1,0
BRDA:433,86,0,0
BRDA:433,86,1,0
BRDA:451,87,0,0
BRDA:451,87,1,0
BRF:180
BRH:73
end_of_record
TN:
SF:src/routes/breedRoutes.js
FNF:0
FNH:0
DA:1,1
DA:2,1
DA:3,1
DA:5,1
DA:6,1
DA:7,1
DA:8,1
DA:10,1
LF:8
LH:8
BRF:0
BRH:0
end_of_record
TN:
SF:src/routes/breederRoutes.js
FNF:0
FNH:0
DA:1,1
DA:2,1
DA:3,1
DA:5,1
DA:6,1
DA:7,1
DA:8,1
DA:10,1
LF:8
LH:8
BRF:0
BRH:0
end_of_record
TN:
SF:src/routes/colorRoutes.js
FNF:0
FNH:0
DA:1,1
DA:2,1
DA:3,1
DA:5,1
DA:6,1
DA:7,1
DA:8,1
DA:10,1
LF:8
LH:8
BRF:0
BRH:0
end_of_record
TN:
SF:src/routes/countryRoutes.js
FNF:0
FNH:0
DA:1,1
DA:2,1
DA:3,1
DA:5,1
DA:6,1
DA:7,1
DA:8,1
DA:10,1
LF:8
LH:8
BRF:0
BRH:0
end_of_record
TN:
SF:src/routes/horseRoutes.js
FNF:0
FNH:0
DA:1,1
DA:2,1
DA:3,1
DA:6,1
DA:9,1
DA:10,1
DA:11,1
DA:12,1
DA:13,1
DA:16,1
DA:17,1
DA:20,1
DA:22,1
LF:13
LH:13
BRF:0
BRH:0
end_of_record
TN:
SF:src/services/pedigreeService.js
FN:27,(anonymous_0)
FN:30,(anonymous_1)
FN:75,(anonymous_2)
FN:113,(anonymous_3)
FN:159,(anonymous_4)
FN:164,(anonymous_5)
FN:197,(anonymous_6)
FN:204,(anonymous_7)
FN:240,escapeHtml
FN:251,generateErrorHtml
FN:290,generatePedigreeHtml
FNF:11
FNH:9
FNDA:6,(anonymous_0)
FNDA:11,(anonymous_1)
FNDA:14,(anonymous_2)
FNDA:22,(anonymous_3)
FNDA:0,(anonymous_4)
FNDA:0,(anonymous_5)
FNDA:6,(anonymous_6)
FNDA:7,(anonymous_7)
FNDA:18,escapeHtml
FNDA:1,generateErrorHtml
FNDA:5,generatePedigreeHtml
DA:2,2
DA:27,2
DA:28,6
DA:30,5
DA:31,11
DA:32,8
DA:34,8
DA:36,8
DA:37,8
DA:42,8
DA:45,8
DA:46,3
DA:48,5
DA:49,1
DA:52,4
DA:54,0
DA:55,0
DA:60,5
DA:61,4
DA:62,3
DA:66,2
DA:67,2
DA:68,2
DA:71,1
DA:75,2
DA:76,14
DA:78,12
DA:79,12
DA:85,12
DA:91,12
DA:92,1
DA:93,1
DA:96,11
DA:97,11
DA:99,11
DA:100,0
DA:101,0
DA:104,11
DA:105,11
DA:107,0
DA:108,0
DA:113,2
DA:114,22
DA:115,22
DA:116,1
DA:117,1
DA:120,21
DA:121,21
DA:126,21
DA:129,19
DA:130,19
DA:132,19
DA:135,8
DA:136,8
DA:139,8
DA:140,6
DA:142,2
DA:145,8
DA:146,4
DA:148,4
DA:151,8
DA:153,0
DA:154,0
DA:159,2
DA:160,0
DA:162,0
DA:163,0
DA:165,0
DA:169,0
DA:170,0
DA:173,0
DA:174,0
DA:178,0
DA:180,0
DA:185,0
DA:186,0
DA:187,0
DA:189,0
DA:191,0
DA:192,0
DA:197,2
DA:198,6
DA:199,6
DA:200,6
DA:201,1
DA:204,5
DA:205,7
DA:206,0
DA:209,7
DA:210,7
DA:212,7
DA:217,7
DA:218,1
DA:219,1
DA:220,1
DA:221,1
DA:222,1
DA:223,1
DA:224,1
DA:225,1
DA:226,1
DA:227,1
DA:229,7
DA:232,5
DA:234,0
DA:235,0
DA:241,18
DA:242,18
DA:252,1
DA:291,5
LF:110
LH:83
BRDA:28,0,0,1
BRDA:28,0,1,5
BRDA:28,1,0,6
BRDA:28,1,1,2
BRDA:30,2,0,5
BRDA:31,3,0,3
BRDA:31,3,1,8
BRDA:31,4,0,11
BRDA:31,4,1,11
BRDA:32,5,0,0
BRDA:32,5,1,8
BRDA:42,6,0,0
BRDA:42,6,1,8
BRDA:45,7,0,3
BRDA:45,7,1,5
BRDA:45,8,0,8
BRDA:45,8,1,4
BRDA:48,9,0,1
BRDA:48,9,1,4
BRDA:48,10,0,5
BRDA:48,10,1,2
BRDA:60,11,0,4
BRDA:60,11,1,1
BRDA:61,12,0,1
BRDA:61,12,1,3
BRDA:62,13,0,2
BRDA:62,13,1,1
BRDA:66,14,0,2
BRDA:66,14,1,0
BRDA:67,15,0,0
BRDA:67,15,1,2
BRDA:68,16,0,1
BRDA:68,16,1,1
BRDA:76,17,0,2
BRDA:76,17,1,12
BRDA:76,18,0,14
BRDA:76,18,1,12
BRDA:91,19,0,1
BRDA:91,19,1,11
BRDA:91,20,0,12
BRDA:91,20,1,11
BRDA:99,21,0,0
BRDA:99,21,1,11
BRDA:113,22,0,12
BRDA:114,23,0,0
BRDA:114,23,1,22
BRDA:115,24,0,1
BRDA:115,24,1,21
BRDA:126,25,0,2
BRDA:126,25,1,19
BRDA:130,26,0,19
BRDA:130,26,1,0
BRDA:132,27,0,11
BRDA:132,27,1,8
BRDA:139,28,0,6
BRDA:139,28,1,2
BRDA:145,29,0,4
BRDA:145,29,1,4
BRDA:159,30,0,0
BRDA:160,31,0,0
BRDA:160,32,0,0
BRDA:169,33,0,0
BRDA:169,33,1,0
BRDA:169,34,0,0
BRDA:169,34,1,0
BRDA:173,35,0,0
BRDA:173,35,1,0
BRDA:173,36,0,0
BRDA:173,36,1,0
BRDA:186,37,0,0
BRDA:186,37,1,0
BRDA:187,38,0,0
BRDA:187,38,1,0
BRDA:200,39,0,1
BRDA:200,39,1,5
BRDA:205,40,0,0
BRDA:205,40,1,7
BRDA:209,41,0,1
BRDA:209,41,1,6
BRDA:210,42,0,1
BRDA:210,42,1,6
BRDA:214,43,0,7
BRDA:214,43,1,0
BRDA:217,44,0,1
BRDA:217,44,1,6
BRDA:217,45,0,7
BRDA:217,45,1,1
BRDA:217,45,2,0
BRDA:241,46,0,0
BRDA:241,46,1,18
BRDA:420,47,0,1
BRDA:420,47,1,4
BRF:92
BRH:66
end_of_record
