TN:
SF:public/scripts.js
FN:3,showSection
FN:4,(anonymous_1)
FN:10,resetForm
FN:13,(anonymous_3)
FN:20,fetchData
FN:32,postData
FN:50,updateData
FN:68,deleteData
FN:78,loadHorses
FN:85,(anonymous_9)
FN:90,(anonymous_10)
FN:92,(anonymous_11)
FN:94,(anonymous_12)
FN:96,(anonymous_13)
FN:102,(anonymous_14)
FN:103,(anonymous_15)
FN:104,(anonymous_16)
FN:105,(anonymous_17)
FN:127,loadSelectOptions
FN:136,(anonymous_19)
FN:144,(anonymous_20)
FN:152,(anonymous_21)
FN:160,(anonymous_22)
FN:168,(anonymous_23)
FN:182,updateHorseSelects
FN:188,(anonymous_25)
FN:204,filterHorses
FN:209,validateForm
FN:214,(anonymous_28)
FN:227,handleFormSubmit
FN:229,(anonymous_30)
FN:246,editHorse
FN:260,(anonymous_32)
FN:280,deleteHorse
FN:292,showPedigree
FN:301,fetchPedigreeHtml
FN:317,(anonymous_36)
FN:318,(anonymous_37)
FN:328,showHorseDetails
FN:334,(anonymous_39)
FN:335,(anonymous_40)
FN:336,(anonymous_41)
FN:344,showOffspring
FN:354,fetchOffspring
FN:372,(anonymous_44)
FN:384,(anonymous_45)
FN:394,(anonymous_46)
FN:399,(anonymous_47)
FNF:48
FNH:0
FNDA:0,showSection
FNDA:0,(anonymous_1)
FNDA:0,resetForm
FNDA:0,(anonymous_3)
FNDA:0,fetchData
FNDA:0,postData
FNDA:0,updateData
FNDA:0,deleteData
FNDA:0,loadHorses
FNDA:0,(anonymous_9)
FNDA:0,(anonymous_10)
FNDA:0,(anonymous_11)
FNDA:0,(anonymous_12)
FNDA:0,(anonymous_13)
FNDA:0,(anonymous_14)
FNDA:0,(anonymous_15)
FNDA:0,(anonymous_16)
FNDA:0,(anonymous_17)
FNDA:0,loadSelectOptions
FNDA:0,(anonymous_19)
FNDA:0,(anonymous_20)
FNDA:0,(anonymous_21)
FNDA:0,(anonymous_22)
FNDA:0,(anonymous_23)
FNDA:0,updateHorseSelects
FNDA:0,(anonymous_25)
FNDA:0,filterHorses
FNDA:0,validateForm
FNDA:0,(anonymous_28)
FNDA:0,handleFormSubmit
FNDA:0,(anonymous_30)
FNDA:0,editHorse
FNDA:0,(anonymous_32)
FNDA:0,deleteHorse
FNDA:0,showPedigree
FNDA:0,fetchPedigreeHtml
FNDA:0,(anonymous_36)
FNDA:0,(anonymous_37)
FNDA:0,showHorseDetails
FNDA:0,(anonymous_39)
FNDA:0,(anonymous_40)
FNDA:0,(anonymous_41)
FNDA:0,showOffspring
FNDA:0,fetchOffspring
FNDA:0,(anonymous_44)
FNDA:0,(anonymous_45)
FNDA:0,(anonymous_46)
FNDA:0,(anonymous_47)
DA:1,0
DA:4,0
DA:5,0
DA:6,0
DA:11,0
DA:12,0
DA:13,0
DA:14,0
DA:15,0
DA:16,0
DA:21,0
DA:22,0
DA:23,0
DA:24,0
DA:25,0
DA:27,0
DA:28,0
DA:33,0
DA:34,0
DA:39,0
DA:40,0
DA:41,0
DA:43,0
DA:45,0
DA:46,0
DA:51,0
DA:52,0
DA:57,0
DA:58,0
DA:59,0
DA:61,0
DA:63,0
DA:64,0
DA:69,0
DA:70,0
DA:71,0
DA:73,0
DA:74,0
DA:79,0
DA:80,0
DA:81,0
DA:82,0
DA:83,0
DA:85,0
DA:86,0
DA:89,0
DA:90,0
DA:91,0
DA:92,0
DA:93,0
DA:94,0
DA:95,0
DA:96,0
DA:99,0
DA:100,0
DA:102,0
DA:103,0
DA:104,0
DA:105,0
DA:107,0
DA:108,0
DA:109,0
DA:120,0
DA:123,0
DA:128,0
DA:129,0
DA:130,0
DA:131,0
DA:132,0
DA:133,0
DA:135,0
DA:136,0
DA:137,0
DA:138,0
DA:139,0
DA:140,0
DA:143,0
DA:144,0
DA:145,0
DA:146,0
DA:147,0
DA:148,0
DA:151,0
DA:152,0
DA:153,0
DA:154,0
DA:155,0
DA:156,0
DA:159,0
DA:160,0
DA:161,0
DA:162,0
DA:163,0
DA:164,0
DA:167,0
DA:168,0
DA:169,0
DA:170,0
DA:171,0
DA:172,0
DA:175,0
DA:176,0
DA:178,0
DA:183,0
DA:184,0
DA:185,0
DA:186,0
DA:188,0
DA:189,0
DA:190,0
DA:191,0
DA:192,0
DA:193,0
DA:195,0
DA:196,0
DA:197,0
DA:198,0
DA:199,0
DA:205,0
DA:206,0
DA:210,0
DA:211,0
DA:212,0
DA:214,0
DA:215,0
DA:216,0
DA:217,0
DA:218,0
DA:220,0
DA:224,0
DA:228,0
DA:229,0
DA:230,0
DA:231,0
DA:233,0
DA:234,0
DA:235,0
DA:236,0
DA:237,0
DA:238,0
DA:239,0
DA:241,0
DA:247,0
DA:248,0
DA:249,0
DA:250,0
DA:251,0
DA:252,0
DA:253,0
DA:254,0
DA:255,0
DA:256,0
DA:257,0
DA:258,0
DA:260,0
DA:261,0
DA:262,0
DA:263,0
DA:264,0
DA:265,0
DA:266,0
DA:267,0
DA:268,0
DA:269,0
DA:270,0
DA:272,0
DA:276,0
DA:281,0
DA:282,0
DA:283,0
DA:284,0
DA:285,0
DA:287,0
DA:293,0
DA:294,0
DA:295,0
DA:297,0
DA:298,0
DA:302,0
DA:303,0
DA:304,0
DA:306,0
DA:307,0
DA:308,0
DA:309,0
DA:311,0
DA:312,0
DA:313,0
DA:314,0
DA:315,0
DA:316,0
DA:317,0
DA:318,0
DA:319,0
DA:320,0
DA:324,0
DA:329,0
DA:330,0
DA:331,0
DA:332,0
DA:333,0
DA:334,0
DA:335,0
DA:336,0
DA:338,0
DA:340,0
DA:345,0
DA:346,0
DA:347,0
DA:349,0
DA:350,0
DA:351,0
DA:355,0
DA:356,0
DA:357,0
DA:359,0
DA:360,0
DA:361,0
DA:362,0
DA:363,0
DA:364,0
DA:365,0
DA:367,0
DA:368,0
DA:369,0
DA:370,0
DA:372,0
DA:373,0
DA:374,0
DA:375,0
DA:376,0
DA:379,0
DA:384,0
DA:385,0
DA:386,0
DA:388,0
DA:389,0
DA:390,0
DA:391,0
DA:392,0
DA:394,0
DA:395,0
DA:396,0
DA:399,0
DA:400,0
DA:401,0
LF:246
LH:0
BRDA:14,0,0,0
BRDA:14,0,1,0
BRDA:21,1,0,0
BRDA:21,1,1,0
BRDA:24,2,0,0
BRDA:24,2,1,0
BRDA:39,3,0,0
BRDA:39,3,1,0
BRDA:41,4,0,0
BRDA:41,4,1,0
BRDA:57,5,0,0
BRDA:57,5,1,0
BRDA:59,6,0,0
BRDA:59,6,1,0
BRDA:71,7,0,0
BRDA:71,7,1,0
BRDA:78,8,0,0
BRDA:78,9,0,0
BRDA:89,10,0,0
BRDA:89,10,1,0
BRDA:91,11,0,0
BRDA:91,11,1,0
BRDA:93,12,0,0
BRDA:93,12,1,0
BRDA:94,13,0,0
BRDA:94,13,1,0
BRDA:94,14,0,0
BRDA:94,14,1,0
BRDA:95,15,0,0
BRDA:95,15,1,0
BRDA:96,16,0,0
BRDA:96,16,1,0
BRDA:96,17,0,0
BRDA:96,17,1,0
BRDA:103,18,0,0
BRDA:103,18,1,0
BRDA:104,19,0,0
BRDA:104,19,1,0
BRDA:105,20,0,0
BRDA:105,20,1,0
BRDA:182,21,0,0
BRDA:182,22,0,0
BRDA:189,23,0,0
BRDA:189,23,1,0
BRDA:189,24,0,0
BRDA:189,24,1,0
BRDA:189,24,2,0
BRDA:195,25,0,0
BRDA:195,25,1,0
BRDA:195,26,0,0
BRDA:195,26,1,0
BRDA:195,26,2,0
BRDA:206,27,0,0
BRDA:206,27,1,0
BRDA:206,28,0,0
BRDA:206,28,1,0
BRDA:216,29,0,0
BRDA:216,29,1,0
BRDA:216,30,0,0
BRDA:216,30,1,0
BRDA:216,30,2,0
BRDA:231,31,0,0
BRDA:231,31,1,0
BRDA:253,32,0,0
BRDA:253,32,1,0
BRDA:255,33,0,0
BRDA:255,33,1,0
BRDA:256,34,0,0
BRDA:256,34,1,0
BRDA:262,35,0,0
BRDA:262,35,1,0
BRDA:281,36,0,0
BRDA:281,36,1,0
BRDA:293,37,0,0
BRDA:293,37,1,0
BRDA:302,38,0,0
BRDA:302,38,1,0
BRDA:307,39,0,0
BRDA:307,39,1,0
BRDA:307,40,0,0
BRDA:307,40,1,0
BRDA:313,41,0,0
BRDA:313,41,1,0
BRDA:319,42,0,0
BRDA:319,42,1,0
BRDA:334,43,0,0
BRDA:334,43,1,0
BRDA:335,44,0,0
BRDA:335,44,1,0
BRDA:336,45,0,0
BRDA:336,45,1,0
BRDA:345,46,0,0
BRDA:345,46,1,0
BRDA:355,47,0,0
BRDA:355,47,1,0
BRDA:363,48,0,0
BRDA:363,48,1,0
BRDA:364,49,0,0
BRDA:364,49,1,0
BRDA:365,50,0,0
BRDA:365,50,1,0
BRF:101
BRH:0
end_of_record
TN:
SF:src/app.js
FN:15,(anonymous_0)
FN:28,(anonymous_1)
FN:60,(anonymous_2)
FN:130,(anonymous_3)
FN:158,(anonymous_4)
FN:180,(anonymous_5)
FN:185,(anonymous_6)
FN:239,(anonymous_7)
FN:248,(anonymous_8)
FN:257,(anonymous_9)
FN:272,(anonymous_10)
FN:290,(anonymous_11)
FNF:12
FNH:0
FNDA:0,(anonymous_0)
FNDA:0,(anonymous_1)
FNDA:0,(anonymous_2)
FNDA:0,(anonymous_3)
FNDA:0,(anonymous_4)
FNDA:0,(anonymous_5)
FNDA:0,(anonymous_6)
FNDA:0,(anonymous_7)
FNDA:0,(anonymous_8)
FNDA:0,(anonymous_9)
FNDA:0,(anonymous_10)
FNDA:0,(anonymous_11)
DA:1,0
DA:2,0
DA:3,0
DA:4,0
DA:5,0
DA:6,0
DA:7,0
DA:9,0
DA:12,0
DA:15,0
DA:16,0
DA:17,0
DA:18,0
DA:20,0
DA:21,0
DA:23,0
DA:28,0
DA:29,0
DA:30,0
DA:31,0
DA:32,0
DA:34,0
DA:37,0
DA:38,0
DA:39,0
DA:40,0
DA:42,0
DA:46,0
DA:47,0
DA:50,0
DA:54,0
DA:60,0
DA:61,0
DA:63,0
DA:64,0
DA:67,0
DA:75,0
DA:101,0
DA:102,0
DA:112,0
DA:113,0
DA:114,0
DA:115,0
DA:116,0
DA:119,0
DA:120,0
DA:121,0
DA:122,0
DA:123,0
DA:126,0
DA:127,0
DA:128,0
DA:130,0
DA:131,0
DA:132,0
DA:134,0
DA:135,0
DA:137,0
DA:139,0
DA:140,0
DA:141,0
DA:143,0
DA:145,0
DA:146,0
DA:154,0
DA:158,0
DA:159,0
DA:180,0
DA:181,0
DA:185,0
DA:186,0
DA:187,0
DA:189,0
DA:192,0
DA:193,0
DA:197,0
DA:198,0
DA:201,0
DA:202,0
DA:203,0
DA:204,0
DA:205,0
DA:206,0
DA:207,0
DA:208,0
DA:209,0
DA:210,0
DA:211,0
DA:212,0
DA:213,0
DA:214,0
DA:215,0
DA:219,0
DA:220,0
DA:221,0
DA:222,0
DA:225,0
DA:239,0
DA:240,0
DA:241,0
DA:244,0
DA:248,0
DA:249,0
DA:250,0
DA:253,0
DA:257,0
DA:258,0
DA:261,0
DA:262,0
DA:263,0
DA:264,0
DA:266,0
DA:269,0
DA:272,0
DA:273,0
DA:276,0
DA:277,0
DA:278,0
DA:279,0
DA:281,0
DA:284,0
DA:287,0
DA:288,0
DA:290,0
DA:291,0
DA:292,0
DA:293,0
DA:294,0
DA:295,0
DA:296,0
DA:297,0
DA:298,0
DA:301,0
LF:133
LH:0
BRDA:20,0,0,0
BRDA:20,0,1,0
BRDA:32,1,0,0
BRDA:32,1,1,0
BRDA:37,2,0,0
BRDA:37,2,1,0
BRDA:37,3,0,0
BRDA:37,3,1,0
BRDA:37,3,2,0
BRDA:37,3,3,0
BRDA:39,4,0,0
BRDA:39,4,1,0
BRDA:46,5,0,0
BRDA:46,5,1,0
BRDA:46,6,0,0
BRDA:46,6,1,0
BRDA:81,7,0,0
BRDA:81,7,1,0
BRDA:131,8,0,0
BRDA:131,8,1,0
BRDA:134,9,0,0
BRDA:134,9,1,0
BRDA:139,10,0,0
BRDA:139,10,1,0
BRDA:145,11,0,0
BRDA:145,11,1,0
BRDA:192,12,0,0
BRDA:192,12,1,0
BRDA:197,13,0,0
BRDA:197,13,1,0
BRDA:197,13,2,0
BRDA:201,14,0,0
BRDA:201,14,1,0
BRDA:204,15,0,0
BRDA:204,15,1,0
BRDA:207,16,0,0
BRDA:207,16,1,0
BRDA:210,17,0,0
BRDA:210,17,1,0
BRDA:213,18,0,0
BRDA:213,18,1,0
BRDA:219,19,0,0
BRDA:219,19,1,0
BRDA:219,20,0,0
BRDA:219,20,1,0
BRDA:221,21,0,0
BRDA:221,21,1,0
BRDA:222,22,0,0
BRDA:222,22,1,0
BRDA:231,23,0,0
BRDA:231,23,1,0
BRDA:287,24,0,0
BRDA:287,24,1,0
BRDA:288,25,0,0
BRDA:288,25,1,0
BRDA:296,26,0,0
BRDA:296,26,1,0
BRF:57
BRH:0
end_of_record
TN:
SF:src/config/db-test.js
FNF:0
FNH:0
DA:2,0
DA:5,0
DA:17,0
LF:3
LH:0
BRDA:5,0,0,0
BRDA:5,0,1,0
BRF:2
BRH:0
end_of_record
TN:
SF:src/config/db.js
FNF:0
FNH:0
DA:1,0
DA:2,0
DA:4,0
DA:9,0
LF:4
LH:0
BRF:0
BRH:0
end_of_record
TN:
SF:src/controllers/breedController.js
FN:8,(anonymous_0)
FN:17,(anonymous_1)
FN:29,(anonymous_2)
FN:45,(anonymous_3)
FNF:4
FNH:2
FNDA:1,(anonymous_0)
FNDA:2,(anonymous_1)
FNDA:0,(anonymous_2)
FNDA:0,(anonymous_3)
DA:1,1
DA:2,1
DA:4,1
DA:8,1
DA:9,1
DA:10,1
DA:11,0
DA:13,1
DA:17,1
DA:18,2
DA:19,2
DA:21,1
DA:22,1
DA:23,0
DA:25,1
DA:29,1
DA:30,0
DA:31,0
DA:33,0
DA:34,0
DA:38,0
DA:39,0
DA:41,0
DA:45,1
DA:46,0
DA:47,0
DA:48,0
DA:49,0
DA:51,0
LF:29
LH:15
BRDA:19,0,0,1
BRDA:19,0,1,1
BRDA:31,1,0,0
BRDA:31,1,1,0
BRDA:38,2,0,0
BRDA:38,2,1,0
BRDA:48,3,0,0
BRDA:48,3,1,0
BRF:8
BRH:2
end_of_record
TN:
SF:src/controllers/breederController.js
FN:9,(anonymous_0)
FN:18,(anonymous_1)
FN:36,(anonymous_2)
FN:58,(anonymous_3)
FNF:4
FNH:2
FNDA:1,(anonymous_0)
FNDA:2,(anonymous_1)
FNDA:0,(anonymous_2)
FNDA:0,(anonymous_3)
DA:1,1
DA:2,1
DA:4,1
DA:9,1
DA:10,1
DA:11,1
DA:12,0
DA:14,1
DA:18,1
DA:19,2
DA:20,2
DA:23,2
DA:24,0
DA:25,0
DA:28,0
DA:29,0
DA:30,0
DA:32,0
DA:36,1
DA:37,0
DA:38,0
DA:41,0
DA:42,0
DA:43,0
DA:46,0
DA:47,0
DA:51,0
DA:52,0
DA:54,0
DA:58,1
DA:59,0
DA:60,0
DA:61,0
DA:62,0
DA:64,0
LF:35
LH:13
BRDA:20,0,0,0
BRDA:20,0,1,2
BRDA:24,1,0,0
BRDA:24,1,1,0
BRDA:38,2,0,0
BRDA:38,2,1,0
BRDA:42,3,0,0
BRDA:42,3,1,0
BRDA:51,4,0,0
BRDA:51,4,1,0
BRDA:61,5,0,0
BRDA:61,5,1,0
BRF:12
BRH:1
end_of_record
TN:
SF:src/controllers/colorController.js
FN:8,(anonymous_0)
FN:17,(anonymous_1)
FN:29,(anonymous_2)
FN:45,(anonymous_3)
FNF:4
FNH:2
FNDA:1,(anonymous_0)
FNDA:1,(anonymous_1)
FNDA:0,(anonymous_2)
FNDA:0,(anonymous_3)
DA:1,1
DA:2,1
DA:4,1
DA:8,1
DA:9,1
DA:10,1
DA:11,0
DA:13,1
DA:17,1
DA:18,1
DA:19,1
DA:21,1
DA:22,1
DA:23,0
DA:25,1
DA:29,1
DA:30,0
DA:31,0
DA:33,0
DA:34,0
DA:38,0
DA:39,0
DA:41,0
DA:45,1
DA:46,0
DA:47,0
DA:48,0
DA:49,0
DA:51,0
LF:29
LH:15
BRDA:19,0,0,0
BRDA:19,0,1,1
BRDA:31,1,0,0
BRDA:31,1,1,0
BRDA:38,2,0,0
BRDA:38,2,1,0
BRDA:48,3,0,0
BRDA:48,3,1,0
BRF:8
BRH:1
end_of_record
TN:
SF:src/controllers/countryController.js
FN:9,(anonymous_0)
FN:18,(anonymous_1)
FN:30,(anonymous_2)
FN:46,(anonymous_3)
FNF:4
FNH:4
FNDA:1,(anonymous_0)
FNDA:2,(anonymous_1)
FNDA:1,(anonymous_2)
FNDA:1,(anonymous_3)
DA:1,1
DA:2,1
DA:4,1
DA:9,1
DA:10,1
DA:11,1
DA:12,0
DA:14,1
DA:18,1
DA:19,2
DA:20,2
DA:22,1
DA:23,1
DA:24,0
DA:26,1
DA:30,1
DA:31,1
DA:32,1
DA:34,1
DA:35,1
DA:39,0
DA:40,0
DA:42,1
DA:46,1
DA:47,1
DA:48,1
DA:49,0
DA:50,0
DA:52,1
LF:29
LH:23
BRDA:20,0,0,1
BRDA:20,0,1,1
BRDA:32,1,0,0
BRDA:32,1,1,1
BRDA:39,2,0,0
BRDA:39,2,1,0
BRDA:49,3,0,0
BRDA:49,3,1,0
BRF:8
BRH:3
end_of_record
TN:
SF:src/controllers/horseController.js
FN:16,(anonymous_0)
FN:34,(anonymous_1)
FN:61,(anonymous_2)
FN:73,(anonymous_3)
FN:154,(anonymous_4)
FN:244,(anonymous_5)
FN:269,(anonymous_6)
FN:290,(anonymous_7)
FN:331,(anonymous_8)
FN:354,(anonymous_9)
FN:392,(anonymous_10)
FN:427,(anonymous_11)
FN:444,(anonymous_12)
FNF:13
FNH:10
FNDA:20,(anonymous_0)
FNDA:3,(anonymous_1)
FNDA:2,(anonymous_2)
FNDA:6,(anonymous_3)
FNDA:3,(anonymous_4)
FNDA:2,(anonymous_5)
FNDA:2,(anonymous_6)
FNDA:2,(anonymous_7)
FNDA:0,(anonymous_8)
FNDA:2,(anonymous_9)
FNDA:3,(anonymous_10)
FNDA:0,(anonymous_11)
FNDA:0,(anonymous_12)
DA:1,1
DA:2,1
DA:3,1
DA:5,1
DA:16,1
DA:17,20
DA:19,20
DA:20,0
DA:23,20
DA:24,0
DA:27,20
DA:28,0
DA:31,20
DA:34,1
DA:35,3
DA:36,3
DA:38,3
DA:41,3
DA:42,1
DA:45,3
DA:46,0
DA:49,3
DA:55,0
DA:57,3
DA:61,1
DA:62,2
DA:63,2
DA:64,0
DA:65,0
DA:67,0
DA:69,2
DA:73,1
DA:74,6
DA:75,6
DA:77,5
DA:79,5
DA:81,5
DA:82,3
DA:83,0
DA:84,0
DA:86,0
DA:87,0
DA:91,2
DA:92,0
DA:93,0
DA:94,0
DA:96,0
DA:97,0
DA:102,2
DA:103,0
DA:107,2
DA:108,0
DA:109,0
DA:113,0
DA:114,0
DA:120,0
DA:126,0
DA:127,0
DA:132,0
DA:133,0
DA:134,0
DA:135,0
DA:136,0
DA:137,0
DA:138,0
DA:139,0
DA:144,0
DA:148,0
DA:150,5
DA:154,1
DA:155,3
DA:156,3
DA:158,3
DA:159,3
DA:161,3
DA:163,3
DA:164,0
DA:165,0
DA:169,0
DA:170,0
DA:174,0
DA:175,0
DA:180,0
DA:181,0
DA:182,0
DA:184,0
DA:185,0
DA:186,0
DA:188,0
DA:189,0
DA:193,0
DA:194,0
DA:195,0
DA:197,0
DA:198,0
DA:199,0
DA:201,0
DA:202,0
DA:207,0
DA:208,0
DA:212,0
DA:213,0
DA:214,0
DA:220,0
DA:221,0
DA:222,0
DA:223,0
DA:224,0
DA:225,0
DA:226,0
DA:227,0
DA:232,0
DA:237,0
DA:238,0
DA:240,3
DA:244,1
DA:245,2
DA:246,2
DA:249,2
DA:255,0
DA:256,0
DA:261,0
DA:262,0
DA:263,0
DA:265,2
DA:269,1
DA:270,2
DA:272,2
DA:273,0
DA:276,2
DA:277,2
DA:278,1
DA:281,1
DA:282,1
DA:283,1
DA:284,0
DA:286,0
DA:290,1
DA:291,2
DA:292,2
DA:294,2
DA:295,0
DA:299,2
DA:300,0
DA:303,2
DA:304,0
DA:307,2
DA:308,0
DA:311,2
DA:312,0
DA:315,2
DA:317,2
DA:318,0
DA:319,0
DA:322,0
DA:330,0
DA:332,0
DA:335,0
DA:336,0
DA:338,0
DA:340,0
DA:350,2
DA:354,1
DA:355,2
DA:357,2
DA:358,0
DA:361,2
DA:362,2
DA:363,1
DA:366,1
DA:368,1
DA:369,0
DA:370,0
DA:373,0
DA:374,0
DA:375,0
DA:377,1
DA:378,1
DA:392,1
DA:393,3
DA:395,3
DA:396,0
DA:399,3
DA:400,0
DA:403,3
DA:405,3
DA:406,0
DA:408,0
DA:409,0
DA:412,0
DA:413,0
DA:416,0
DA:417,0
DA:421,0
DA:424,0
DA:425,0
DA:427,0
DA:428,0
DA:429,0
DA:430,0
DA:431,0
DA:433,0
DA:434,0
DA:435,0
DA:437,0
DA:440,0
DA:441,0
DA:444,0
DA:446,0
DA:458,3
LF:210
LH:84
BRDA:19,0,0,0
BRDA:19,0,1,20
BRDA:23,1,0,0
BRDA:23,1,1,20
BRDA:27,2,0,0
BRDA:27,2,1,20
BRDA:36,3,0,2
BRDA:36,4,0,2
BRDA:41,5,0,1
BRDA:41,5,1,2
BRDA:41,6,0,3
BRDA:41,6,1,1
BRDA:45,7,0,0
BRDA:45,7,1,3
BRDA:45,8,0,3
BRDA:45,8,1,0
BRDA:64,9,0,0
BRDA:64,9,1,0
BRDA:75,10,0,1
BRDA:75,10,1,5
BRDA:81,11,0,3
BRDA:81,11,1,2
BRDA:83,12,0,0
BRDA:83,12,1,0
BRDA:86,13,0,0
BRDA:86,13,1,0
BRDA:91,14,0,0
BRDA:91,14,1,2
BRDA:93,15,0,0
BRDA:93,15,1,0
BRDA:96,16,0,0
BRDA:96,16,1,0
BRDA:102,17,0,0
BRDA:102,17,1,2
BRDA:102,18,0,2
BRDA:102,18,1,0
BRDA:102,18,2,0
BRDA:108,19,0,0
BRDA:108,19,1,0
BRDA:113,20,0,0
BRDA:113,20,1,0
BRDA:113,21,0,0
BRDA:113,21,1,0
BRDA:126,22,0,0
BRDA:126,22,1,0
BRDA:126,23,0,0
BRDA:126,23,1,0
BRDA:133,24,0,0
BRDA:133,24,1,0
BRDA:133,25,0,0
BRDA:133,25,1,0
BRDA:135,26,0,0
BRDA:135,26,1,0
BRDA:137,27,0,0
BRDA:137,27,1,0
BRDA:156,28,0,0
BRDA:156,28,1,3
BRDA:164,29,0,0
BRDA:164,29,1,0
BRDA:169,30,0,0
BRDA:169,30,1,0
BRDA:174,31,0,0
BRDA:174,31,1,0
BRDA:180,32,0,0
BRDA:180,32,1,0
BRDA:181,33,0,0
BRDA:181,33,1,0
BRDA:185,34,0,0
BRDA:185,34,1,0
BRDA:188,35,0,0
BRDA:188,35,1,0
BRDA:193,36,0,0
BRDA:193,36,1,0
BRDA:194,37,0,0
BRDA:194,37,1,0
BRDA:198,38,0,0
BRDA:198,38,1,0
BRDA:201,39,0,0
BRDA:201,39,1,0
BRDA:207,40,0,0
BRDA:207,40,1,0
BRDA:207,41,0,0
BRDA:207,41,1,0
BRDA:207,41,2,0
BRDA:213,42,0,0
BRDA:213,42,1,0
BRDA:221,43,0,0
BRDA:221,43,1,0
BRDA:221,44,0,0
BRDA:221,44,1,0
BRDA:223,45,0,0
BRDA:223,45,1,0
BRDA:225,46,0,0
BRDA:225,46,1,0
BRDA:237,47,0,0
BRDA:237,47,1,0
BRDA:255,48,0,0
BRDA:255,48,1,0
BRDA:262,49,0,0
BRDA:262,49,1,0
BRDA:272,50,0,0
BRDA:272,50,1,2
BRDA:272,51,0,2
BRDA:272,51,1,2
BRDA:272,51,2,2
BRDA:272,51,3,2
BRDA:277,52,0,1
BRDA:277,52,1,1
BRDA:277,53,0,2
BRDA:277,53,1,2
BRDA:283,54,0,1
BRDA:283,54,1,0
BRDA:292,55,0,2
BRDA:292,56,0,2
BRDA:294,57,0,0
BRDA:294,57,1,2
BRDA:294,58,0,2
BRDA:294,58,1,2
BRDA:299,59,0,0
BRDA:299,59,1,2
BRDA:299,60,0,2
BRDA:299,60,1,1
BRDA:303,61,0,0
BRDA:303,61,1,2
BRDA:303,62,0,2
BRDA:303,62,1,0
BRDA:307,63,0,0
BRDA:307,63,1,2
BRDA:307,64,0,2
BRDA:307,64,1,2
BRDA:307,64,2,2
BRDA:311,65,0,0
BRDA:311,65,1,2
BRDA:311,66,0,2
BRDA:311,66,1,0
BRDA:318,67,0,0
BRDA:318,67,1,0
BRDA:335,68,0,0
BRDA:335,68,1,0
BRDA:336,69,0,0
BRDA:336,69,1,0
BRDA:357,70,0,0
BRDA:357,70,1,2
BRDA:357,71,0,2
BRDA:357,71,1,2
BRDA:357,71,2,2
BRDA:357,71,3,2
BRDA:362,72,0,1
BRDA:362,72,1,1
BRDA:362,73,0,2
BRDA:362,73,1,2
BRDA:369,74,0,0
BRDA:369,74,1,0
BRDA:395,75,0,0
BRDA:395,75,1,3
BRDA:395,76,0,3
BRDA:395,76,1,3
BRDA:395,76,2,3
BRDA:395,76,3,3
BRDA:399,77,0,0
BRDA:399,77,1,3
BRDA:408,78,0,0
BRDA:408,78,1,0
BRDA:408,79,0,0
BRDA:408,79,1,0
BRDA:412,80,0,0
BRDA:412,80,1,0
BRDA:416,81,0,0
BRDA:416,81,1,0
BRDA:427,82,0,0
BRDA:428,83,0,0
BRDA:428,83,1,0
BRDA:428,84,0,0
BRDA:428,84,1,0
BRDA:429,85,0,0
BRDA:429,85,1,0
BRDA:433,86,0,0
BRDA:433,86,1,0
BRDA:451,87,0,0
BRDA:451,87,1,0
BRF:180
BRH:60
end_of_record
TN:
SF:src/routes/breedRoutes.js
FNF:0
FNH:0
DA:1,1
DA:2,1
DA:3,1
DA:5,1
DA:6,1
DA:7,1
DA:8,1
DA:10,1
LF:8
LH:8
BRF:0
BRH:0
end_of_record
TN:
SF:src/routes/breederRoutes.js
FNF:0
FNH:0
DA:1,1
DA:2,1
DA:3,1
DA:5,1
DA:6,1
DA:7,1
DA:8,1
DA:10,1
LF:8
LH:8
BRF:0
BRH:0
end_of_record
TN:
SF:src/routes/colorRoutes.js
FNF:0
FNH:0
DA:1,1
DA:2,1
DA:3,1
DA:5,1
DA:6,1
DA:7,1
DA:8,1
DA:10,1
LF:8
LH:8
BRF:0
BRH:0
end_of_record
TN:
SF:src/routes/countryRoutes.js
FNF:0
FNH:0
DA:1,1
DA:2,1
DA:3,1
DA:5,1
DA:6,1
DA:7,1
DA:8,1
DA:10,1
LF:8
LH:8
BRF:0
BRH:0
end_of_record
TN:
SF:src/routes/horseRoutes.js
FNF:0
FNH:0
DA:1,1
DA:2,1
DA:3,1
DA:6,1
DA:9,1
DA:10,1
DA:11,1
DA:12,1
DA:13,1
DA:16,1
DA:17,1
DA:20,1
DA:22,1
LF:13
LH:13
BRF:0
BRH:0
end_of_record
TN:
SF:src/services/pedigreeService.js
FN:27,(anonymous_0)
FN:30,(anonymous_1)
FN:75,(anonymous_2)
FN:113,(anonymous_3)
FN:159,(anonymous_4)
FN:164,(anonymous_5)
FN:197,(anonymous_6)
FN:204,(anonymous_7)
FN:240,escapeHtml
FN:251,generateErrorHtml
FN:290,generatePedigreeHtml
FNF:11
FNH:9
FNDA:6,(anonymous_0)
FNDA:11,(anonymous_1)
FNDA:14,(anonymous_2)
FNDA:22,(anonymous_3)
FNDA:0,(anonymous_4)
FNDA:0,(anonymous_5)
FNDA:6,(anonymous_6)
FNDA:7,(anonymous_7)
FNDA:18,escapeHtml
FNDA:1,generateErrorHtml
FNDA:5,generatePedigreeHtml
DA:2,2
DA:27,2
DA:28,6
DA:30,5
DA:31,11
DA:32,8
DA:34,8
DA:36,8
DA:37,8
DA:42,8
DA:45,8
DA:46,3
DA:48,5
DA:49,1
DA:52,4
DA:54,0
DA:55,0
DA:60,5
DA:61,4
DA:62,3
DA:66,2
DA:67,2
DA:68,2
DA:71,1
DA:75,2
DA:76,14
DA:78,12
DA:79,12
DA:85,12
DA:91,12
DA:92,1
DA:93,1
DA:96,11
DA:97,11
DA:99,11
DA:100,0
DA:101,0
DA:104,11
DA:105,11
DA:107,0
DA:108,0
DA:113,2
DA:114,22
DA:115,22
DA:116,1
DA:117,1
DA:120,21
DA:121,21
DA:126,20
DA:129,19
DA:130,19
DA:132,19
DA:135,8
DA:136,8
DA:139,8
DA:140,6
DA:142,2
DA:145,8
DA:146,4
DA:148,4
DA:151,8
DA:153,1
DA:154,1
DA:159,2
DA:160,0
DA:162,0
DA:163,0
DA:165,0
DA:169,0
DA:170,0
DA:173,0
DA:174,0
DA:178,0
DA:180,0
DA:185,0
DA:186,0
DA:187,0
DA:189,0
DA:191,0
DA:192,0
DA:197,2
DA:198,6
DA:199,6
DA:200,6
DA:201,1
DA:204,5
DA:205,7
DA:206,0
DA:209,7
DA:210,7
DA:212,7
DA:217,7
DA:218,1
DA:219,1
DA:220,1
DA:221,1
DA:222,1
DA:223,1
DA:224,1
DA:225,1
DA:226,1
DA:227,1
DA:229,7
DA:232,5
DA:234,0
DA:235,0
DA:241,18
DA:242,18
DA:252,1
DA:291,5
LF:110
LH:85
BRDA:28,0,0,1
BRDA:28,0,1,5
BRDA:28,1,0,6
BRDA:28,1,1,2
BRDA:30,2,0,5
BRDA:31,3,0,3
BRDA:31,3,1,8
BRDA:31,4,0,11
BRDA:31,4,1,11
BRDA:32,5,0,0
BRDA:32,5,1,8
BRDA:42,6,0,0
BRDA:42,6,1,8
BRDA:45,7,0,3
BRDA:45,7,1,5
BRDA:45,8,0,8
BRDA:45,8,1,4
BRDA:48,9,0,1
BRDA:48,9,1,4
BRDA:48,10,0,5
BRDA:48,10,1,2
BRDA:60,11,0,4
BRDA:60,11,1,1
BRDA:61,12,0,1
BRDA:61,12,1,3
BRDA:62,13,0,2
BRDA:62,13,1,1
BRDA:66,14,0,2
BRDA:66,14,1,0
BRDA:67,15,0,0
BRDA:67,15,1,2
BRDA:68,16,0,1
BRDA:68,16,1,1
BRDA:76,17,0,2
BRDA:76,17,1,12
BRDA:76,18,0,14
BRDA:76,18,1,12
BRDA:91,19,0,1
BRDA:91,19,1,11
BRDA:91,20,0,12
BRDA:91,20,1,11
BRDA:99,21,0,0
BRDA:99,21,1,11
BRDA:113,22,0,12
BRDA:114,23,0,0
BRDA:114,23,1,22
BRDA:115,24,0,1
BRDA:115,24,1,21
BRDA:126,25,0,1
BRDA:126,25,1,19
BRDA:130,26,0,19
BRDA:130,26,1,0
BRDA:132,27,0,11
BRDA:132,27,1,8
BRDA:139,28,0,6
BRDA:139,28,1,2
BRDA:145,29,0,4
BRDA:145,29,1,4
BRDA:159,30,0,0
BRDA:160,31,0,0
BRDA:160,32,0,0
BRDA:169,33,0,0
BRDA:169,33,1,0
BRDA:169,34,0,0
BRDA:169,34,1,0
BRDA:173,35,0,0
BRDA:173,35,1,0
BRDA:173,36,0,0
BRDA:173,36,1,0
BRDA:186,37,0,0
BRDA:186,37,1,0
BRDA:187,38,0,0
BRDA:187,38,1,0
BRDA:200,39,0,1
BRDA:200,39,1,5
BRDA:205,40,0,0
BRDA:205,40,1,7
BRDA:209,41,0,1
BRDA:209,41,1,6
BRDA:210,42,0,1
BRDA:210,42,1,6
BRDA:214,43,0,7
BRDA:214,43,1,0
BRDA:217,44,0,1
BRDA:217,44,1,6
BRDA:217,45,0,7
BRDA:217,45,1,1
BRDA:217,45,2,0
BRDA:241,46,0,0
BRDA:241,46,1,18
BRDA:420,47,0,1
BRDA:420,47,1,4
BRF:92
BRH:66
end_of_record
